{"meta": {"format": 3, "version": "7.10.6", "timestamp": "2026-03-29T14:50:02.548972", "branch_coverage": false, "show_contexts": false}, "files": {"src/pfix/__init__.py": {"executed_lines": [1, 21, 22, 23, 25, 26, 32, 34, 35, 38, 42, 43, 44, 45, 48, 51, 53, 54, 55, 56, 57, 58, 59, 62, 64, 65, 66, 68, 69, 73, 75, 76, 77, 78, 79, 81, 82, 83, 84, 85, 86, 92, 97, 98], "summary": {"covered_lines": 43, "num_statements": 53, "percent_covered": 81.13207547169812, "percent_covered_display": "81", "missing_lines": 10, "excluded_lines": 1}, "missing_lines": [39, 70, 93, 94, 99, 101, 102, 103, 104, 105], "excluded_lines": [1], "functions": {"_auto_activate": {"executed_lines": [34, 35, 38, 42, 43, 44, 45, 48], "summary": {"covered_lines": 8, "num_statements": 9, "percent_covered": 88.88888888888889, "percent_covered_display": "89", "missing_lines": 1, "excluded_lines": 0}, "missing_lines": [39], "excluded_lines": []}, "_load_env": {"executed_lines": [53, 54, 55, 56, 57, 58, 59], "summary": {"covered_lines": 7, "num_statements": 7, "percent_covered": 100.0, "percent_covered_display": "100", "missing_lines": 0, "excluded_lines": 0}, "missing_lines": [], "excluded_lines": []}, "_get_caller_file": {"executed_lines": [64, 65, 66, 68, 69], "summary": {"covered_lines": 5, "num_statements": 6, "percent_covered": 83.33333333333333, "percent_covered_display": "83", "missing_lines": 1, "excluded_lines": 0}, "missing_lines": [70], "excluded_lines": []}, "_setup_runtime_todo": {"executed_lines": [75, 76, 77, 78, 79, 81, 82, 83, 84, 85, 86, 92], "summary": {"covered_lines": 12, "num_statements": 14, "percent_covered": 85.71428571428571, "percent_covered_display": "86", "missing_lines": 2, "excluded_lines": 0}, "missing_lines": [93, 94], "excluded_lines": []}, "": {"executed_lines": [1, 21, 22, 23, 25, 26, 32, 51, 62, 73, 97, 98], "summary": {"covered_lines": 11, "num_statements": 17, "percent_covered": 64.70588235294117, "percent_covered_display": "65", "missing_lines": 6, "excluded_lines": 1}, "missing_lines": [99, 101, 102, 103, 104, 105], "excluded_lines": [1]}}, "classes": {"": {"executed_lines": [1, 21, 22, 23, 25, 26, 32, 34, 35, 38, 42, 43, 44, 45, 48, 51, 53, 54, 55, 56, 57, 58, 59, 62, 64, 65, 66, 68, 69, 73, 75, 76, 77, 78, 79, 81, 82, 83, 84, 85, 86, 92, 97, 98], "summary": {"covered_lines": 43, "num_statements": 53, "percent_covered": 81.13207547169812, "percent_covered_display": "81", "missing_lines": 10, "excluded_lines": 1}, "missing_lines": [39, 70, 93, 94, 99, 101, 102, 103, 104, 105], "excluded_lines": [1]}}}, "src/pfix/_auto_activate.py": {"executed_lines": [], "summary": {"covered_lines": 0, "num_statements": 83, "percent_covered": 0.0, "percent_covered_display": "0", "missing_lines": 83, "excluded_lines": 0}, "missing_lines": [8, 9, 10, 13, 15, 16, 17, 19, 20, 23, 24, 26, 27, 28, 29, 32, 34, 35, 37, 38, 40, 41, 45, 48, 50, 51, 53, 55, 56, 57, 60, 62, 63, 64, 65, 66, 67, 68, 69, 71, 72, 74, 75, 78, 80, 81, 82, 84, 85, 87, 88, 89, 91, 92, 94, 95, 98, 100, 101, 110, 111, 112, 113, 114, 115, 116, 117, 120, 122, 123, 124, 126, 127, 128, 129, 130, 131, 132, 133, 134, 136, 139, 143], "excluded_lines": [], "functions": {"_auto_activate_pfix": {"executed_lines": [], "summary": {"covered_lines": 0, "num_statements": 11, "percent_covered": 0.0, "percent_covered_display": "0", "missing_lines": 11, "excluded_lines": 0}, "missing_lines": [15, 16, 17, 19, 20, 23, 24, 26, 27, 28, 29], "excluded_lines": []}, "_should_auto_activate": {"executed_lines": [], "summary": {"covered_lines": 0, "num_statements": 7, "percent_covered": 0.0, "percent_covered_display": "0", "missing_lines": 7, "excluded_lines": 0}, "missing_lines": [34, 35, 37, 38, 40, 41, 45], "excluded_lines": []}, "_install_hooks": {"executed_lines": [], "summary": {"covered_lines": 0, "num_statements": 6, "percent_covered": 0.0, "percent_covered_display": "0", "missing_lines": 6, "excluded_lines": 0}, "missing_lines": [50, 51, 53, 55, 56, 57], "excluded_lines": []}, "_install_syntax_error_handler": {"executed_lines": [], "summary": {"covered_lines": 0, "num_statements": 6, "percent_covered": 0.0, "percent_covered_display": "0", "missing_lines": 6, "excluded_lines": 0}, "missing_lines": [62, 63, 71, 72, 74, 75], "excluded_lines": []}, "_install_syntax_error_handler._pfix_import": {"executed_lines": [], "summary": {"covered_lines": 0, "num_statements": 6, "percent_covered": 0.0, "percent_covered_display": "0", "missing_lines": 6, "excluded_lines": 0}, "missing_lines": [64, 65, 66, 67, 68, 69], "excluded_lines": []}, "_handle_syntax_error": {"executed_lines": [], "summary": {"covered_lines": 0, "num_statements": 12, "percent_covered": 0.0, "percent_covered_display": "0", "missing_lines": 12, "excluded_lines": 0}, "missing_lines": [80, 81, 82, 84, 85, 87, 88, 89, 91, 92, 94, 95], "excluded_lines": []}, "_build_error_context": {"executed_lines": [], "summary": {"covered_lines": 0, "num_statements": 10, "percent_covered": 0.0, "percent_covered_display": "0", "missing_lines": 10, "excluded_lines": 0}, "missing_lines": [100, 101, 110, 111, 112, 113, 114, 115, 116, 117], "excluded_lines": []}, "_attempt_fix_and_restart": {"executed_lines": [], "summary": {"covered_lines": 0, "num_statements": 13, "percent_covered": 0.0, "percent_covered_display": "0", "missing_lines": 13, "excluded_lines": 0}, "missing_lines": [122, 123, 124, 126, 127, 128, 129, 130, 131, 132, 133, 134, 136], "excluded_lines": []}, "": {"executed_lines": [], "summary": {"covered_lines": 0, "num_statements": 12, "percent_covered": 0.0, "percent_covered_display": "0", "missing_lines": 12, "excluded_lines": 0}, "missing_lines": [8, 9, 10, 13, 32, 48, 60, 78, 98, 120, 139, 143], "excluded_lines": []}}, "classes": {"": {"executed_lines": [], "summary": {"covered_lines": 0, "num_statements": 83, "percent_covered": 0.0, "percent_covered_display": "0", "missing_lines": 83, "excluded_lines": 0}, "missing_lines": [8, 9, 10, 13, 15, 16, 17, 19, 20, 23, 24, 26, 27, 28, 29, 32, 34, 35, 37, 38, 40, 41, 45, 48, 50, 51, 53, 55, 56, 57, 60, 62, 63, 64, 65, 66, 67, 68, 69, 71, 72, 74, 75, 78, 80, 81, 82, 84, 85, 87, 88, 89, 91, 92, 94, 95, 98, 100, 101, 110, 111, 112, 113, 114, 115, 116, 117, 120, 122, 123, 124, 126, 127, 128, 129, 130, 131, 132, 133, 134, 136, 139, 143], "excluded_lines": []}}}, "src/pfix/analyzer.py": {"executed_lines": [1, 8, 10, 11, 12, 13, 14, 15, 17, 20, 27, 28, 29, 30, 31, 32, 34, 35, 36, 37, 39, 42, 44, 45, 46, 47, 48, 51, 53, 54, 55, 56, 57, 58, 59, 62, 64, 65, 66, 69, 71, 72, 75, 83, 88, 89, 93, 94, 96, 97, 98, 100, 108, 110, 111, 112, 118, 120, 126, 129, 130, 131, 132, 136, 139, 141, 146, 149, 150, 151, 152, 153, 157, 160, 162, 164, 165, 170, 172, 173, 175, 176, 177, 178, 179, 180, 181, 183, 185, 187, 189, 191, 192, 198, 200, 201, 202, 203, 205, 206, 207, 209, 210, 211, 212, 213, 214, 215, 216, 220, 223, 224, 225, 226, 227, 228, 229, 230, 231, 232, 233, 234, 237, 240, 241, 242, 243], "summary": {"covered_lines": 126, "num_statements": 154, "percent_covered": 81.81818181818181, "percent_covered_display": "82", "missing_lines": 28, "excluded_lines": 0}, "missing_lines": [77, 78, 79, 80, 90, 127, 133, 134, 147, 154, 155, 163, 166, 167, 182, 184, 186, 188, 190, 193, 194, 195, 217, 218, 235, 236, 244, 245], "excluded_lines": [], "functions": {"analyze_exception": {"executed_lines": [27, 28, 29, 30, 31, 32, 34, 35, 36, 37, 39], "summary": {"covered_lines": 11, "num_statements": 11, "percent_covered": 100.0, "percent_covered_display": "100", "missing_lines": 0, "excluded_lines": 0}, "missing_lines": [], "excluded_lines": []}, "_fill_traceback_context": {"executed_lines": [44, 45, 46, 47, 48], "summary": {"covered_lines": 5, "num_statements": 5, "percent_covered": 100.0, "percent_covered_display": "100", "missing_lines": 0, "excluded_lines": 0}, "missing_lines": [], "excluded_lines": []}, "_fill_function_context": {"executed_lines": [53, 54, 55, 56, 57, 58, 59], "summary": {"covered_lines": 7, "num_statements": 7, "percent_covered": 100.0, "percent_covered_display": "100", "missing_lines": 0, "excluded_lines": 0}, "missing_lines": [], "excluded_lines": []}, "_fill_file_context": {"executed_lines": [64, 65, 66], "summary": {"covered_lines": 3, "num_statements": 3, "percent_covered": 100.0, "percent_covered_display": "100", "missing_lines": 0, "excluded_lines": 0}, "missing_lines": [], "excluded_lines": []}, "_fill_environment_context": {"executed_lines": [71, 72], "summary": {"covered_lines": 2, "num_statements": 2, "percent_covered": 100.0, "percent_covered_display": "100", "missing_lines": 0, "excluded_lines": 0}, "missing_lines": [], "excluded_lines": []}, "_extract_exception_info": {"executed_lines": [], "summary": {"covered_lines": 0, "num_statements": 4, "percent_covered": 0.0, "percent_covered_display": "0", "missing_lines": 4, "excluded_lines": 0}, "missing_lines": [77, 78, 79, 80], "excluded_lines": []}, "_extract_frame_context": {"executed_lines": [88, 89, 93, 94, 96, 97, 98, 100], "summary": {"covered_lines": 8, "num_statements": 9, "percent_covered": 88.88888888888889, "percent_covered_display": "89", "missing_lines": 1, "excluded_lines": 0}, "missing_lines": [90], "excluded_lines": []}, "_format_local_vars": {"executed_lines": [110, 111, 112], "summary": {"covered_lines": 3, "num_statements": 3, "percent_covered": 100.0, "percent_covered_display": "100", "missing_lines": 0, "excluded_lines": 0}, "missing_lines": [], "excluded_lines": []}, "_extract_function_source": {"executed_lines": [120, 126, 129, 130, 131, 132, 136], "summary": {"covered_lines": 7, "num_statements": 10, "percent_covered": 70.0, "percent_covered_display": "70", "missing_lines": 3, "excluded_lines": 0}, "missing_lines": [127, 133, 134], "excluded_lines": []}, "_extract_file_context": {"executed_lines": [141, 146, 149, 150, 151, 152, 153, 157], "summary": {"covered_lines": 8, "num_statements": 11, "percent_covered": 72.72727272727273, "percent_covered_display": "73", "missing_lines": 3, "excluded_lines": 0}, "missing_lines": [147, 154, 155], "excluded_lines": []}, "_scan_missing_deps": {"executed_lines": [162, 164, 165], "summary": {"covered_lines": 3, "num_statements": 6, "percent_covered": 50.0, "percent_covered_display": "50", "missing_lines": 3, "excluded_lines": 0}, "missing_lines": [163, 166, 167], "excluded_lines": []}, "classify_error": {"executed_lines": [172, 173, 175, 176, 177, 178, 179, 180, 181, 183, 185, 187, 189, 191, 192], "summary": {"covered_lines": 15, "num_statements": 23, "percent_covered": 65.21739130434783, "percent_covered_display": "65", "missing_lines": 8, "excluded_lines": 0}, "missing_lines": [182, 184, 186, 188, 190, 193, 194, 195], "excluded_lines": []}, "scan_missing_deps": {"executed_lines": [200, 201, 202, 203, 205, 206, 207, 209, 210, 211, 212, 213, 214, 215, 216, 220], "summary": {"covered_lines": 16, "num_statements": 18, "percent_covered": 88.88888888888889, "percent_covered_display": "89", "missing_lines": 2, "excluded_lines": 0}, "missing_lines": [217, 218], "excluded_lines": []}, "_extract_imports": {"executed_lines": [224, 225, 226, 227, 228, 229, 230, 231, 232, 233, 234, 237], "summary": {"covered_lines": 12, "num_statements": 14, "percent_covered": 85.71428571428571, "percent_covered_display": "86", "missing_lines": 2, "excluded_lines": 0}, "missing_lines": [235, 236], "excluded_lines": []}, "_safe_repr": {"executed_lines": [241, 242, 243], "summary": {"covered_lines": 3, "num_statements": 5, "percent_covered": 60.0, "percent_covered_display": "60", "missing_lines": 2, "excluded_lines": 0}, "missing_lines": [244, 245], "excluded_lines": []}, "": {"executed_lines": [1, 8, 10, 11, 12, 13, 14, 15, 17, 20, 42, 51, 62, 69, 75, 83, 108, 118, 139, 160, 170, 198, 223, 240], "summary": {"covered_lines": 23, "num_statements": 23, "percent_covered": 100.0, "percent_covered_display": "100", "missing_lines": 0, "excluded_lines": 0}, "missing_lines": [], "excluded_lines": []}}, "classes": {"": {"executed_lines": [1, 8, 10, 11, 12, 13, 14, 15, 17, 20, 27, 28, 29, 30, 31, 32, 34, 35, 36, 37, 39, 42, 44, 45, 46, 47, 48, 51, 53, 54, 55, 56, 57, 58, 59, 62, 64, 65, 66, 69, 71, 72, 75, 83, 88, 89, 93, 94, 96, 97, 98, 100, 108, 110, 111, 112, 118, 120, 126, 129, 130, 131, 132, 136, 139, 141, 146, 149, 150, 151, 152, 153, 157, 160, 162, 164, 165, 170, 172, 173, 175, 176, 177, 178, 179, 180, 181, 183, 185, 187, 189, 191, 192, 198, 200, 201, 202, 203, 205, 206, 207, 209, 210, 211, 212, 213, 214, 215, 216, 220, 223, 224, 225, 226, 227, 228, 229, 230, 231, 232, 233, 234, 237, 240, 241, 242, 243], "summary": {"covered_lines": 126, "num_statements": 154, "percent_covered": 81.81818181818181, "percent_covered_display": "82", "missing_lines": 28, "excluded_lines": 0}, "missing_lines": [77, 78, 79, 80, 90, 127, 133, 134, 147, 154, 155, 163, 166, 167, 182, 184, 186, 188, 190, 193, 194, 195, 217, 218, 235, 236, 244, 245], "excluded_lines": []}}}, "src/pfix/audit.py": {"executed_lines": [1, 7, 9, 10, 11, 12, 13, 14, 16, 18, 20, 21, 24, 25, 26, 28, 29, 30, 31, 32, 33, 34, 35, 36, 37, 38, 39, 40, 41, 44, 49, 80, 82, 100, 101, 104, 120, 121, 123, 124, 125, 126, 127, 130, 131, 134, 136, 139, 141, 146, 149, 151, 153, 154, 156, 157, 158, 159, 161, 162, 163, 165, 177], "summary": {"covered_lines": 61, "num_statements": 88, "percent_covered": 69.31818181818181, "percent_covered_display": "69", "missing_lines": 27, "excluded_lines": 0}, "missing_lines": [46, 128, 135, 137, 142, 143, 144, 179, 181, 183, 184, 185, 186, 187, 189, 190, 191, 192, 193, 194, 195, 198, 199, 200, 201, 202, 203], "excluded_lines": [], "functions": {"_calculate_hash": {"executed_lines": [], "summary": {"covered_lines": 0, "num_statements": 1, "percent_covered": 0.0, "percent_covered_display": "0", "missing_lines": 1, "excluded_lines": 0}, "missing_lines": [46], "excluded_lines": []}, "log_fix_audit": {"executed_lines": [80, 82, 100, 101], "summary": {"covered_lines": 4, "num_statements": 4, "percent_covered": 100.0, "percent_covered_display": "100", "missing_lines": 0, "excluded_lines": 0}, "missing_lines": [], "excluded_lines": []}, "read_audit_log": {"executed_lines": [120, 121, 123, 124, 125, 126, 127, 130, 131, 134, 136, 139, 141, 146], "summary": {"covered_lines": 14, "num_statements": 20, "percent_covered": 70.0, "percent_covered_display": "70", "missing_lines": 6, "excluded_lines": 0}, "missing_lines": [128, 135, 137, 142, 143, 144], "excluded_lines": []}, "get_audit_summary": {"executed_lines": [151, 153, 154, 156, 157, 158, 159, 161, 162, 163, 165], "summary": {"covered_lines": 11, "num_statements": 11, "percent_covered": 100.0, "percent_covered_display": "100", "missing_lines": 0, "excluded_lines": 0}, "missing_lines": [], "excluded_lines": []}, "print_audit_report": {"executed_lines": [], "summary": {"covered_lines": 0, "num_statements": 20, "percent_covered": 0.0, "percent_covered_display": "0", "missing_lines": 20, "excluded_lines": 0}, "missing_lines": [179, 181, 183, 184, 185, 186, 187, 189, 190, 191, 192, 193, 194, 195, 198, 199, 200, 201, 202, 203], "excluded_lines": []}, "": {"executed_lines": [1, 7, 9, 10, 11, 12, 13, 14, 16, 18, 20, 21, 24, 25, 26, 28, 29, 30, 31, 32, 33, 34, 35, 36, 37, 38, 39, 40, 41, 44, 49, 104, 149, 177], "summary": {"covered_lines": 32, "num_statements": 32, "percent_covered": 100.0, "percent_covered_display": "100", "missing_lines": 0, "excluded_lines": 0}, "missing_lines": [], "excluded_lines": []}}, "classes": {"AuditEntry": {"executed_lines": [], "summary": {"covered_lines": 0, "num_statements": 0, "percent_covered": 100.0, "percent_covered_display": "100", "missing_lines": 0, "excluded_lines": 0}, "missing_lines": [], "excluded_lines": []}, "": {"executed_lines": [1, 7, 9, 10, 11, 12, 13, 14, 16, 18, 20, 21, 24, 25, 26, 28, 29, 30, 31, 32, 33, 34, 35, 36, 37, 38, 39, 40, 41, 44, 49, 80, 82, 100, 101, 104, 120, 121, 123, 124, 125, 126, 127, 130, 131, 134, 136, 139, 141, 146, 149, 151, 153, 154, 156, 157, 158, 159, 161, 162, 163, 165, 177], "summary": {"covered_lines": 61, "num_statements": 88, "percent_covered": 69.31818181818181, "percent_covered_display": "69", "missing_lines": 27, "excluded_lines": 0}, "missing_lines": [46, 128, 135, 137, 142, 143, 144, 179, 181, 183, 184, 185, 186, 187, 189, 190, 191, 192, 193, 194, 195, 198, 199, 200, 201, 202, 203], "excluded_lines": []}}}, "src/pfix/cache.py": {"executed_lines": [1, 9, 11, 12, 13, 14, 15, 16, 18, 20, 21, 24, 31, 52, 59, 76, 93, 94, 96, 97, 98, 99, 100, 103, 104, 105, 109, 133, 165, 179, 181, 182, 202, 209, 212, 220, 225], "summary": {"covered_lines": 35, "num_statements": 96, "percent_covered": 36.458333333333336, "percent_covered_display": "36", "missing_lines": 61, "excluded_lines": 0}, "missing_lines": [26, 27, 28, 33, 34, 45, 48, 49, 55, 56, 61, 73, 78, 79, 106, 107, 111, 113, 115, 116, 117, 118, 121, 122, 126, 127, 129, 130, 131, 135, 136, 137, 139, 141, 142, 145, 146, 162, 163, 167, 169, 172, 173, 174, 175, 176, 177, 188, 189, 190, 191, 192, 193, 195, 204, 205, 215, 216, 217, 222, 227], "excluded_lines": [], "functions": {"_get_cache_path": {"executed_lines": [], "summary": {"covered_lines": 0, "num_statements": 3, "percent_covered": 0.0, "percent_covered_display": "0", "missing_lines": 3, "excluded_lines": 0}, "missing_lines": [26, 27, 28], "excluded_lines": []}, "_init_sqlite_db": {"executed_lines": [], "summary": {"covered_lines": 0, "num_statements": 5, "percent_covered": 0.0, "percent_covered_display": "0", "missing_lines": 5, "excluded_lines": 0}, "missing_lines": [33, 34, 45, 48, 49], "excluded_lines": []}, "_make_cache_key": {"executed_lines": [], "summary": {"covered_lines": 0, "num_statements": 2, "percent_covered": 0.0, "percent_covered_display": "0", "missing_lines": 2, "excluded_lines": 0}, "missing_lines": [55, 56], "excluded_lines": []}, "_proposal_to_json": {"executed_lines": [], "summary": {"covered_lines": 0, "num_statements": 2, "percent_covered": 0.0, "percent_covered_display": "0", "missing_lines": 2, "excluded_lines": 0}, "missing_lines": [61, 73], "excluded_lines": []}, "_json_to_proposal": {"executed_lines": [], "summary": {"covered_lines": 0, "num_statements": 2, "percent_covered": 0.0, "percent_covered_display": "0", "missing_lines": 2, "excluded_lines": 0}, "missing_lines": [78, 79], "excluded_lines": []}, "FixCache.__init__": {"executed_lines": [97, 98, 99, 100, 103, 104, 105], "summary": {"covered_lines": 7, "num_statements": 9, "percent_covered": 77.77777777777777, "percent_covered_display": "78", "missing_lines": 2, "excluded_lines": 0}, "missing_lines": [106, 107], "excluded_lines": []}, "FixCache.get": {"executed_lines": [], "summary": {"covered_lines": 0, "num_statements": 13, "percent_covered": 0.0, "percent_covered_display": "0", "missing_lines": 13, "excluded_lines": 0}, "missing_lines": [111, 113, 115, 116, 117, 118, 121, 122, 126, 127, 129, 130, 131], "excluded_lines": []}, "FixCache.set": {"executed_lines": [], "summary": {"covered_lines": 0, "num_statements": 10, "percent_covered": 0.0, "percent_covered_display": "0", "missing_lines": 10, "excluded_lines": 0}, "missing_lines": [135, 136, 137, 139, 141, 142, 145, 146, 162, 163], "excluded_lines": []}, "FixCache.clear": {"executed_lines": [], "summary": {"covered_lines": 0, "num_statements": 8, "percent_covered": 0.0, "percent_covered_display": "0", "missing_lines": 8, "excluded_lines": 0}, "missing_lines": [167, 169, 172, 173, 174, 175, 176, 177], "excluded_lines": []}, "FixCache.stats": {"executed_lines": [181, 182], "summary": {"covered_lines": 2, "num_statements": 9, "percent_covered": 22.22222222222222, "percent_covered_display": "22", "missing_lines": 7, "excluded_lines": 0}, "missing_lines": [188, 189, 190, 191, 192, 193, 195], "excluded_lines": []}, "FixCache.close": {"executed_lines": [], "summary": {"covered_lines": 0, "num_statements": 2, "percent_covered": 0.0, "percent_covered_display": "0", "missing_lines": 2, "excluded_lines": 0}, "missing_lines": [204, 205], "excluded_lines": []}, "get_cache": {"executed_lines": [], "summary": {"covered_lines": 0, "num_statements": 3, "percent_covered": 0.0, "percent_covered_display": "0", "missing_lines": 3, "excluded_lines": 0}, "missing_lines": [215, 216, 217], "excluded_lines": []}, "get_cached_fix": {"executed_lines": [], "summary": {"covered_lines": 0, "num_statements": 1, "percent_covered": 0.0, "percent_covered_display": "0", "missing_lines": 1, "excluded_lines": 0}, "missing_lines": [222], "excluded_lines": []}, "cache_fix": {"executed_lines": [], "summary": {"covered_lines": 0, "num_statements": 1, "percent_covered": 0.0, "percent_covered_display": "0", "missing_lines": 1, "excluded_lines": 0}, "missing_lines": [227], "excluded_lines": []}, "": {"executed_lines": [1, 9, 11, 12, 13, 14, 15, 16, 18, 20, 21, 24, 31, 52, 59, 76, 93, 94, 96, 109, 133, 165, 179, 202, 209, 212, 220, 225], "summary": {"covered_lines": 26, "num_statements": 26, "percent_covered": 100.0, "percent_covered_display": "100", "missing_lines": 0, "excluded_lines": 0}, "missing_lines": [], "excluded_lines": []}}, "classes": {"FixCache": {"executed_lines": [97, 98, 99, 100, 103, 104, 105, 181, 182], "summary": {"covered_lines": 9, "num_statements": 51, "percent_covered": 17.647058823529413, "percent_covered_display": "18", "missing_lines": 42, "excluded_lines": 0}, "missing_lines": [106, 107, 111, 113, 115, 116, 117, 118, 121, 122, 126, 127, 129, 130, 131, 135, 136, 137, 139, 141, 142, 145, 146, 162, 163, 167, 169, 172, 173, 174, 175, 176, 177, 188, 189, 190, 191, 192, 193, 195, 204, 205], "excluded_lines": []}, "": {"executed_lines": [1, 9, 11, 12, 13, 14, 15, 16, 18, 20, 21, 24, 31, 52, 59, 76, 93, 94, 96, 109, 133, 165, 179, 202, 209, 212, 220, 225], "summary": {"covered_lines": 26, "num_statements": 45, "percent_covered": 57.77777777777778, "percent_covered_display": "58", "missing_lines": 19, "excluded_lines": 0}, "missing_lines": [26, 27, 28, 33, 34, 45, 48, 49, 55, 56, 61, 73, 78, 79, 215, 216, 217, 222, 227], "excluded_lines": []}}}, "src/pfix/cli.py": {"executed_lines": [1, 15, 17, 18, 19, 20, 21, 23, 24, 26, 29, 30, 31, 32, 35, 37, 38, 41, 42, 43, 44, 45, 46, 49, 50, 51, 52, 53, 56, 59, 60, 61, 62, 63, 66, 67, 68, 71, 74, 77, 78, 79, 80, 81, 84, 85, 86, 89, 92, 95, 96, 97, 100, 103, 106, 107, 108, 109, 110, 111, 113, 116, 118, 119, 120, 121, 122, 127, 144, 145, 146, 147, 149, 150, 151, 156], "summary": {"covered_lines": 75, "num_statements": 78, "percent_covered": 96.15384615384616, "percent_covered_display": "96", "missing_lines": 3, "excluded_lines": 0}, "missing_lines": [153, 154, 157], "excluded_lines": [], "functions": {"main": {"executed_lines": [30, 31, 32], "summary": {"covered_lines": 3, "num_statements": 3, "percent_covered": 100.0, "percent_covered_display": "100", "missing_lines": 0, "excluded_lines": 0}, "missing_lines": [], "excluded_lines": []}, "_build_parser": {"executed_lines": [37, 38, 41, 42, 43, 44, 45, 46, 49, 50, 51, 52, 53, 56, 59, 60, 61, 62, 63, 66, 67, 68, 71, 74, 77, 78, 79, 80, 81, 84, 85, 86, 89, 92, 95, 96, 97, 100, 103, 106, 107, 108, 109, 110, 111, 113], "summary": {"covered_lines": 46, "num_statements": 46, "percent_covered": 100.0, "percent_covered_display": "100", "missing_lines": 0, "excluded_lines": 0}, "missing_lines": [], "excluded_lines": []}, "_dispatch": {"executed_lines": [118, 119, 120, 121, 122, 127, 144, 145, 146, 147, 149, 150, 151], "summary": {"covered_lines": 13, "num_statements": 15, "percent_covered": 86.66666666666667, "percent_covered_display": "87", "missing_lines": 2, "excluded_lines": 0}, "missing_lines": [153, 154], "excluded_lines": []}, "": {"executed_lines": [1, 15, 17, 18, 19, 20, 21, 23, 24, 26, 29, 35, 116, 156], "summary": {"covered_lines": 13, "num_statements": 14, "percent_covered": 92.85714285714286, "percent_covered_display": "93", "missing_lines": 1, "excluded_lines": 0}, "missing_lines": [157], "excluded_lines": []}}, "classes": {"": {"executed_lines": [1, 15, 17, 18, 19, 20, 21, 23, 24, 26, 29, 30, 31, 32, 35, 37, 38, 41, 42, 43, 44, 45, 46, 49, 50, 51, 52, 53, 56, 59, 60, 61, 62, 63, 66, 67, 68, 71, 74, 77, 78, 79, 80, 81, 84, 85, 86, 89, 92, 95, 96, 97, 100, 103, 106, 107, 108, 109, 110, 111, 113, 116, 118, 119, 120, 121, 122, 127, 144, 145, 146, 147, 149, 150, 151, 156], "summary": {"covered_lines": 75, "num_statements": 78, "percent_covered": 96.15384615384616, "percent_covered_display": "96", "missing_lines": 3, "excluded_lines": 0}, "missing_lines": [153, 154, 157], "excluded_lines": []}}}, "src/pfix/commands/__init__.py": {"executed_lines": [0], "summary": {"covered_lines": 0, "num_statements": 0, "percent_covered": 100.0, "percent_covered_display": "100", "missing_lines": 0, "excluded_lines": 0}, "missing_lines": [], "excluded_lines": [], "functions": {"": {"executed_lines": [], "summary": {"covered_lines": 0, "num_statements": 0, "percent_covered": 100.0, "percent_covered_display": "100", "missing_lines": 0, "excluded_lines": 0}, "missing_lines": [], "excluded_lines": []}}, "classes": {"": {"executed_lines": [], "summary": {"covered_lines": 0, "num_statements": 0, "percent_covered": 100.0, "percent_covered_display": "100", "missing_lines": 0, "excluded_lines": 0}, "missing_lines": [], "excluded_lines": []}}}, "src/pfix/commands/activation.py": {"executed_lines": [1, 3, 4, 6, 8, 11, 31, 40, 57, 64, 82, 94, 111], "summary": {"covered_lines": 13, "num_statements": 98, "percent_covered": 13.26530612244898, "percent_covered_display": "13", "missing_lines": 85, "excluded_lines": 0}, "missing_lines": [13, 14, 15, 16, 19, 20, 21, 24, 25, 27, 28, 33, 34, 35, 36, 37, 42, 43, 45, 46, 47, 49, 50, 51, 52, 53, 54, 59, 60, 61, 66, 67, 68, 69, 70, 72, 73, 74, 75, 76, 77, 78, 79, 84, 85, 86, 87, 88, 89, 90, 91, 96, 97, 98, 99, 100, 101, 102, 104, 105, 106, 107, 108, 113, 116, 117, 118, 120, 121, 122, 125, 127, 128, 129, 130, 131, 132, 133, 134, 135, 136, 137, 138, 140, 141], "excluded_lines": [], "functions": {"cmd_enable": {"executed_lines": [], "summary": {"covered_lines": 0, "num_statements": 11, "percent_covered": 0.0, "percent_covered_display": "0", "missing_lines": 11, "excluded_lines": 0}, "missing_lines": [13, 14, 15, 16, 19, 20, 21, 24, 25, 27, 28], "excluded_lines": []}, "_find_site_packages": {"executed_lines": [], "summary": {"covered_lines": 0, "num_statements": 5, "percent_covered": 0.0, "percent_covered_display": "0", "missing_lines": 5, "excluded_lines": 0}, "missing_lines": [33, 34, 35, 36, 37], "excluded_lines": []}, "_install_pth_file": {"executed_lines": [], "summary": {"covered_lines": 0, "num_statements": 11, "percent_covered": 0.0, "percent_covered_display": "0", "missing_lines": 11, "excluded_lines": 0}, "missing_lines": [42, 43, 45, 46, 47, 49, 50, 51, 52, 53, 54], "excluded_lines": []}, "_ensure_project_config": {"executed_lines": [], "summary": {"covered_lines": 0, "num_statements": 3, "percent_covered": 0.0, "percent_covered_display": "0", "missing_lines": 3, "excluded_lines": 0}, "missing_lines": [59, 60, 61], "excluded_lines": []}, "_update_existing_pyproject": {"executed_lines": [], "summary": {"covered_lines": 0, "num_statements": 13, "percent_covered": 0.0, "percent_covered_display": "0", "missing_lines": 13, "excluded_lines": 0}, "missing_lines": [66, 67, 68, 69, 70, 72, 73, 74, 75, 76, 77, 78, 79], "excluded_lines": []}, "_create_new_pyproject": {"executed_lines": [], "summary": {"covered_lines": 0, "num_statements": 8, "percent_covered": 0.0, "percent_covered_display": "0", "missing_lines": 8, "excluded_lines": 0}, "missing_lines": [84, 85, 86, 87, 88, 89, 90, 91], "excluded_lines": []}, "_print_enable_summary": {"executed_lines": [], "summary": {"covered_lines": 0, "num_statements": 12, "percent_covered": 0.0, "percent_covered_display": "0", "missing_lines": 12, "excluded_lines": 0}, "missing_lines": [96, 97, 98, 99, 100, 101, 102, 104, 105, 106, 107, 108], "excluded_lines": []}, "cmd_disable": {"executed_lines": [], "summary": {"covered_lines": 0, "num_statements": 22, "percent_covered": 0.0, "percent_covered_display": "0", "missing_lines": 22, "excluded_lines": 0}, "missing_lines": [113, 116, 117, 118, 120, 121, 122, 125, 127, 128, 129, 130, 131, 132, 133, 134, 135, 136, 137, 138, 140, 141], "excluded_lines": []}, "": {"executed_lines": [1, 3, 4, 6, 8, 11, 31, 40, 57, 64, 82, 94, 111], "summary": {"covered_lines": 13, "num_statements": 13, "percent_covered": 100.0, "percent_covered_display": "100", "missing_lines": 0, "excluded_lines": 0}, "missing_lines": [], "excluded_lines": []}}, "classes": {"": {"executed_lines": [1, 3, 4, 6, 8, 11, 31, 40, 57, 64, 82, 94, 111], "summary": {"covered_lines": 13, "num_statements": 98, "percent_covered": 13.26530612244898, "percent_covered_display": "13", "missing_lines": 85, "excluded_lines": 0}, "missing_lines": [13, 14, 15, 16, 19, 20, 21, 24, 25, 27, 28, 33, 34, 35, 36, 37, 42, 43, 45, 46, 47, 49, 50, 51, 52, 53, 54, 59, 60, 61, 66, 67, 68, 69, 70, 72, 73, 74, 75, 76, 77, 78, 79, 84, 85, 86, 87, 88, 89, 90, 91, 96, 97, 98, 99, 100, 101, 102, 104, 105, 106, 107, 108, 113, 116, 117, 118, 120, 121, 122, 125, 127, 128, 129, 130, 131, 132, 133, 134, 135, 136, 137, 138, 140, 141], "excluded_lines": []}}}, "src/pfix/commands/config.py": {"executed_lines": [1, 3, 4, 6, 7, 9, 12, 13, 15, 16, 18, 19, 20, 22, 38, 39, 41, 43, 44, 45, 46, 47, 53, 83, 97, 102, 117, 130, 144, 152, 168], "summary": {"covered_lines": 31, "num_statements": 108, "percent_covered": 28.703703703703702, "percent_covered_display": "29", "missing_lines": 77, "excluded_lines": 0}, "missing_lines": [49, 50, 55, 56, 58, 59, 62, 63, 66, 67, 70, 71, 72, 75, 76, 77, 78, 80, 85, 86, 87, 89, 90, 91, 92, 94, 99, 104, 105, 106, 107, 109, 110, 111, 113, 114, 119, 120, 121, 122, 123, 125, 127, 132, 133, 134, 135, 136, 137, 138, 139, 141, 146, 147, 148, 149, 154, 155, 156, 158, 159, 160, 161, 162, 163, 165, 170, 171, 172, 173, 174, 175, 177, 178, 179, 181, 182], "excluded_lines": [], "functions": {"cmd_check": {"executed_lines": [13, 15, 16, 18, 19, 20, 22, 38, 39, 41, 43, 44, 45, 46, 47], "summary": {"covered_lines": 15, "num_statements": 17, "percent_covered": 88.23529411764706, "percent_covered_display": "88", "missing_lines": 2, "excluded_lines": 0}, "missing_lines": [49, 50], "excluded_lines": []}, "cmd_status": {"executed_lines": [], "summary": {"covered_lines": 0, "num_statements": 16, "percent_covered": 0.0, "percent_covered_display": "0", "missing_lines": 16, "excluded_lines": 0}, "missing_lines": [55, 56, 58, 59, 62, 63, 66, 67, 70, 71, 72, 75, 76, 77, 78, 80], "excluded_lines": []}, "_get_installation_status_table": {"executed_lines": [], "summary": {"covered_lines": 0, "num_statements": 8, "percent_covered": 0.0, "percent_covered_display": "0", "missing_lines": 8, "excluded_lines": 0}, "missing_lines": [85, 86, 87, 89, 90, 91, 92, 94], "excluded_lines": []}, "_check_package_status": {"executed_lines": [], "summary": {"covered_lines": 0, "num_statements": 1, "percent_covered": 0.0, "percent_covered_display": "0", "missing_lines": 1, "excluded_lines": 0}, "missing_lines": [99], "excluded_lines": []}, "_check_activation_status": {"executed_lines": [], "summary": {"covered_lines": 0, "num_statements": 9, "percent_covered": 0.0, "percent_covered_display": "0", "missing_lines": 9, "excluded_lines": 0}, "missing_lines": [104, 105, 106, 107, 109, 110, 111, 113, 114], "excluded_lines": []}, "_check_pyproject_status": {"executed_lines": [], "summary": {"covered_lines": 0, "num_statements": 7, "percent_covered": 0.0, "percent_covered_display": "0", "missing_lines": 7, "excluded_lines": 0}, "missing_lines": [119, 120, 121, 122, 123, 125, 127], "excluded_lines": []}, "_check_env_status": {"executed_lines": [], "summary": {"covered_lines": 0, "num_statements": 9, "percent_covered": 0.0, "percent_covered_display": "0", "missing_lines": 9, "excluded_lines": 0}, "missing_lines": [132, 133, 134, 135, 136, 137, 138, 139, 141], "excluded_lines": []}, "path_read_safe": {"executed_lines": [], "summary": {"covered_lines": 0, "num_statements": 4, "percent_covered": 0.0, "percent_covered_display": "0", "missing_lines": 4, "excluded_lines": 0}, "missing_lines": [146, 147, 148, 149], "excluded_lines": []}, "_get_config_table": {"executed_lines": [], "summary": {"covered_lines": 0, "num_statements": 10, "percent_covered": 0.0, "percent_covered_display": "0", "missing_lines": 10, "excluded_lines": 0}, "missing_lines": [154, 155, 156, 158, 159, 160, 161, 162, 163, 165], "excluded_lines": []}, "_print_status_summary": {"executed_lines": [], "summary": {"covered_lines": 0, "num_statements": 11, "percent_covered": 0.0, "percent_covered_display": "0", "missing_lines": 11, "excluded_lines": 0}, "missing_lines": [170, 171, 172, 173, 174, 175, 177, 178, 179, 181, 182], "excluded_lines": []}, "": {"executed_lines": [1, 3, 4, 6, 7, 9, 12, 53, 83, 97, 102, 117, 130, 144, 152, 168], "summary": {"covered_lines": 16, "num_statements": 16, "percent_covered": 100.0, "percent_covered_display": "100", "missing_lines": 0, "excluded_lines": 0}, "missing_lines": [], "excluded_lines": []}}, "classes": {"": {"executed_lines": [1, 3, 4, 6, 7, 9, 12, 13, 15, 16, 18, 19, 20, 22, 38, 39, 41, 43, 44, 45, 46, 47, 53, 83, 97, 102, 117, 130, 144, 152, 168], "summary": {"covered_lines": 31, "num_statements": 108, "percent_covered": 28.703703703703702, "percent_covered_display": "29", "missing_lines": 77, "excluded_lines": 0}, "missing_lines": [49, 50, 55, 56, 58, 59, 62, 63, 66, 67, 70, 71, 72, 75, 76, 77, 78, 80, 85, 86, 87, 89, 90, 91, 92, 94, 99, 104, 105, 106, 107, 109, 110, 111, 113, 114, 119, 120, 121, 122, 123, 125, 127, 132, 133, 134, 135, 136, 137, 138, 139, 141, 146, 147, 148, 149, 154, 155, 156, 158, 159, 160, 161, 162, 163, 165, 170, 171, 172, 173, 174, 175, 177, 178, 179, 181, 182], "excluded_lines": []}}}, "src/pfix/commands/diagnose.py": {"executed_lines": [1, 3, 4, 6, 8, 11, 38, 60, 69, 95], "summary": {"covered_lines": 10, "num_statements": 51, "percent_covered": 19.607843137254903, "percent_covered_display": "20", "missing_lines": 41, "excluded_lines": 0}, "missing_lines": [13, 16, 17, 18, 21, 22, 25, 28, 31, 32, 35, 40, 41, 42, 57, 62, 63, 64, 66, 71, 73, 74, 75, 76, 78, 79, 80, 82, 83, 84, 85, 86, 88, 89, 91, 92, 97, 98, 99, 100, 101], "excluded_lines": [], "functions": {"cmd_diagnose": {"executed_lines": [], "summary": {"covered_lines": 0, "num_statements": 11, "percent_covered": 0.0, "percent_covered_display": "0", "missing_lines": 11, "excluded_lines": 0}, "missing_lines": [13, 16, 17, 18, 21, 22, 25, 28, 31, 32, 35], "excluded_lines": []}, "_format_diagnostic_results": {"executed_lines": [], "summary": {"covered_lines": 0, "num_statements": 4, "percent_covered": 0.0, "percent_covered_display": "0", "missing_lines": 4, "excluded_lines": 0}, "missing_lines": [40, 41, 42, 57], "excluded_lines": []}, "_output_diagnostic_results": {"executed_lines": [], "summary": {"covered_lines": 0, "num_statements": 4, "percent_covered": 0.0, "percent_covered_display": "0", "missing_lines": 4, "excluded_lines": 0}, "missing_lines": [62, 63, 64, 66], "excluded_lines": []}, "_apply_diagnostic_fixes": {"executed_lines": [], "summary": {"covered_lines": 0, "num_statements": 17, "percent_covered": 0.0, "percent_covered_display": "0", "missing_lines": 17, "excluded_lines": 0}, "missing_lines": [71, 73, 74, 75, 76, 78, 79, 80, 82, 83, 84, 85, 86, 88, 89, 91, 92], "excluded_lines": []}, "_get_diagnose_exit_code": {"executed_lines": [], "summary": {"covered_lines": 0, "num_statements": 5, "percent_covered": 0.0, "percent_covered_display": "0", "missing_lines": 5, "excluded_lines": 0}, "missing_lines": [97, 98, 99, 100, 101], "excluded_lines": []}, "": {"executed_lines": [1, 3, 4, 6, 8, 11, 38, 60, 69, 95], "summary": {"covered_lines": 10, "num_statements": 10, "percent_covered": 100.0, "percent_covered_display": "100", "missing_lines": 0, "excluded_lines": 0}, "missing_lines": [], "excluded_lines": []}}, "classes": {"": {"executed_lines": [1, 3, 4, 6, 8, 11, 38, 60, 69, 95], "summary": {"covered_lines": 10, "num_statements": 51, "percent_covered": 19.607843137254903, "percent_covered_display": "20", "missing_lines": 41, "excluded_lines": 0}, "missing_lines": [13, 16, 17, 18, 21, 22, 25, 28, 31, 32, 35, 40, 41, 42, 57, 62, 63, 64, 66, 71, 73, 74, 75, 76, 78, 79, 80, 82, 83, 84, 85, 86, 88, 89, 91, 92, 97, 98, 99, 100, 101], "excluded_lines": []}}}, "src/pfix/commands/others.py": {"executed_lines": [1, 3, 4, 6, 7, 9, 12, 41, 55, 68, 84, 90, 96], "summary": {"covered_lines": 13, "num_statements": 68, "percent_covered": 19.11764705882353, "percent_covered_display": "19", "missing_lines": 55, "excluded_lines": 0}, "missing_lines": [13, 14, 15, 17, 19, 20, 21, 23, 25, 26, 27, 29, 30, 31, 32, 33, 35, 36, 38, 42, 43, 45, 46, 48, 49, 50, 51, 52, 56, 57, 58, 59, 60, 65, 69, 70, 71, 73, 74, 75, 76, 77, 78, 79, 80, 81, 85, 86, 87, 91, 92, 93, 97, 98, 99], "excluded_lines": [], "functions": {"cmd_deps": {"executed_lines": [], "summary": {"covered_lines": 0, "num_statements": 19, "percent_covered": 0.0, "percent_covered_display": "0", "missing_lines": 19, "excluded_lines": 0}, "missing_lines": [13, 14, 15, 17, 19, 20, 21, 23, 25, 26, 27, 29, 30, 31, 32, 33, 35, 36, 38], "excluded_lines": []}, "cmd_server": {"executed_lines": [], "summary": {"covered_lines": 0, "num_statements": 9, "percent_covered": 0.0, "percent_covered_display": "0", "missing_lines": 9, "excluded_lines": 0}, "missing_lines": [42, 43, 45, 46, 48, 49, 50, 51, 52], "excluded_lines": []}, "cmd_rollback": {"executed_lines": [], "summary": {"covered_lines": 0, "num_statements": 6, "percent_covered": 0.0, "percent_covered_display": "0", "missing_lines": 6, "excluded_lines": 0}, "missing_lines": [56, 57, 58, 59, 60, 65], "excluded_lines": []}, "cmd_audit": {"executed_lines": [], "summary": {"covered_lines": 0, "num_statements": 12, "percent_covered": 0.0, "percent_covered_display": "0", "missing_lines": 12, "excluded_lines": 0}, "missing_lines": [69, 70, 71, 73, 74, 75, 76, 77, 78, 79, 80, 81], "excluded_lines": []}, "cmd_init": {"executed_lines": [], "summary": {"covered_lines": 0, "num_statements": 3, "percent_covered": 0.0, "percent_covered_display": "0", "missing_lines": 3, "excluded_lines": 0}, "missing_lines": [85, 86, 87], "excluded_lines": []}, "cmd_dashboard": {"executed_lines": [], "summary": {"covered_lines": 0, "num_statements": 3, "percent_covered": 0.0, "percent_covered_display": "0", "missing_lines": 3, "excluded_lines": 0}, "missing_lines": [91, 92, 93], "excluded_lines": []}, "cmd_explain": {"executed_lines": [], "summary": {"covered_lines": 0, "num_statements": 3, "percent_covered": 0.0, "percent_covered_display": "0", "missing_lines": 3, "excluded_lines": 0}, "missing_lines": [97, 98, 99], "excluded_lines": []}, "": {"executed_lines": [1, 3, 4, 6, 7, 9, 12, 41, 55, 68, 84, 90, 96], "summary": {"covered_lines": 13, "num_statements": 13, "percent_covered": 100.0, "percent_covered_display": "100", "missing_lines": 0, "excluded_lines": 0}, "missing_lines": [], "excluded_lines": []}}, "classes": {"": {"executed_lines": [1, 3, 4, 6, 7, 9, 12, 41, 55, 68, 84, 90, 96], "summary": {"covered_lines": 13, "num_statements": 68, "percent_covered": 19.11764705882353, "percent_covered_display": "19", "missing_lines": 55, "excluded_lines": 0}, "missing_lines": [13, 14, 15, 17, 19, 20, 21, 23, 25, 26, 27, 29, 30, 31, 32, 33, 35, 36, 38, 42, 43, 45, 46, 48, 49, 50, 51, 52, 56, 57, 58, 59, 60, 65, 69, 70, 71, 73, 74, 75, 76, 77, 78, 79, 80, 81, 85, 86, 87, 91, 92, 93, 97, 98, 99], "excluded_lines": []}}}, "src/pfix/commands/run.py": {"executed_lines": [1, 3, 4, 5, 6, 8, 10, 13, 14, 16, 17, 18, 19, 52, 99, 107], "summary": {"covered_lines": 16, "num_statements": 104, "percent_covered": 15.384615384615385, "percent_covered_display": "15", "missing_lines": 88, "excluded_lines": 0}, "missing_lines": [21, 27, 29, 30, 31, 32, 33, 35, 36, 37, 38, 39, 41, 42, 43, 44, 45, 46, 47, 48, 49, 54, 55, 57, 58, 59, 60, 62, 69, 70, 71, 74, 76, 77, 78, 79, 80, 82, 83, 84, 85, 86, 88, 89, 90, 91, 92, 93, 94, 95, 96, 101, 102, 103, 104, 109, 111, 113, 114, 115, 116, 117, 118, 119, 120, 121, 122, 123, 125, 126, 127, 128, 130, 131, 132, 134, 135, 136, 137, 139, 140, 143, 144, 145, 146, 147, 149, 151], "excluded_lines": [], "functions": {"cmd_run": {"executed_lines": [14, 16, 17, 18, 19], "summary": {"covered_lines": 5, "num_statements": 26, "percent_covered": 19.23076923076923, "percent_covered_display": "19", "missing_lines": 21, "excluded_lines": 0}, "missing_lines": [21, 27, 29, 30, 31, 32, 33, 35, 36, 37, 38, 39, 41, 42, 43, 44, 45, 46, 47, 48, 49], "excluded_lines": []}, "cmd_dev": {"executed_lines": [], "summary": {"covered_lines": 0, "num_statements": 30, "percent_covered": 0.0, "percent_covered_display": "0", "missing_lines": 30, "excluded_lines": 0}, "missing_lines": [54, 55, 57, 58, 59, 60, 62, 69, 70, 71, 74, 76, 77, 78, 79, 80, 82, 83, 84, 85, 86, 88, 89, 90, 91, 92, 93, 94, 95, 96], "excluded_lines": []}, "_install_excepthook": {"executed_lines": [], "summary": {"covered_lines": 0, "num_statements": 4, "percent_covered": 0.0, "percent_covered_display": "0", "missing_lines": 4, "excluded_lines": 0}, "missing_lines": [101, 102, 103, 104], "excluded_lines": []}, "_create_excepthook": {"executed_lines": [], "summary": {"covered_lines": 0, "num_statements": 4, "percent_covered": 0.0, "percent_covered_display": "0", "missing_lines": 4, "excluded_lines": 0}, "missing_lines": [109, 111, 125, 151], "excluded_lines": []}, "_create_excepthook._clear_pycache": {"executed_lines": [], "summary": {"covered_lines": 0, "num_statements": 11, "percent_covered": 0.0, "percent_covered_display": "0", "missing_lines": 11, "excluded_lines": 0}, "missing_lines": [113, 114, 115, 116, 117, 118, 119, 120, 121, 122, 123], "excluded_lines": []}, "_create_excepthook.hook": {"executed_lines": [], "summary": {"covered_lines": 0, "num_statements": 18, "percent_covered": 0.0, "percent_covered_display": "0", "missing_lines": 18, "excluded_lines": 0}, "missing_lines": [126, 127, 128, 130, 131, 132, 134, 135, 136, 137, 139, 140, 143, 144, 145, 146, 147, 149], "excluded_lines": []}, "": {"executed_lines": [1, 3, 4, 5, 6, 8, 10, 13, 52, 99, 107], "summary": {"covered_lines": 11, "num_statements": 11, "percent_covered": 100.0, "percent_covered_display": "100", "missing_lines": 0, "excluded_lines": 0}, "missing_lines": [], "excluded_lines": []}}, "classes": {"": {"executed_lines": [1, 3, 4, 5, 6, 8, 10, 13, 14, 16, 17, 18, 19, 52, 99, 107], "summary": {"covered_lines": 16, "num_statements": 104, "percent_covered": 15.384615384615385, "percent_covered_display": "15", "missing_lines": 88, "excluded_lines": 0}, "missing_lines": [21, 27, 29, 30, 31, 32, 33, 35, 36, 37, 38, 39, 41, 42, 43, 44, 45, 46, 47, 48, 49, 54, 55, 57, 58, 59, 60, 62, 69, 70, 71, 74, 76, 77, 78, 79, 80, 82, 83, 84, 85, 86, 88, 89, 90, 91, 92, 93, 94, 95, 96, 101, 102, 103, 104, 109, 111, 113, 114, 115, 116, 117, 118, 119, 120, 121, 122, 123, 125, 126, 127, 128, 130, 131, 132, 134, 135, 136, 137, 139, 140, 143, 144, 145, 146, 147, 149, 151], "excluded_lines": []}}}, "src/pfix/config.py": {"executed_lines": [1, 7, 9, 10, 11, 12, 13, 15, 18, 19, 20, 23, 24, 25, 26, 27, 30, 31, 32, 33, 34, 35, 38, 41, 42, 43, 46, 47, 50, 53, 54, 57, 60, 62, 63, 65, 68, 69, 72, 73, 75, 77, 78, 79, 80, 81, 82, 88, 89, 90, 94, 95, 96, 97, 98, 101, 103, 106, 107, 108, 109, 110, 113, 115, 116, 120, 122, 123, 125, 126, 128, 129, 130, 133, 135, 136, 137, 138, 139, 140, 141, 144, 145, 146, 147, 151, 152, 153, 157, 166, 167, 168, 169, 171, 172, 173, 177, 178, 190, 191, 192, 193, 195, 202, 203, 204, 205, 207, 213, 214, 222, 225, 227, 228, 229, 232, 235, 236, 237, 238, 241, 244, 247], "summary": {"covered_lines": 121, "num_statements": 137, "percent_covered": 88.32116788321167, "percent_covered_display": "88", "missing_lines": 16, "excluded_lines": 0}, "missing_lines": [83, 84, 85, 86, 87, 91, 92, 104, 117, 148, 149, 154, 155, 174, 175, 240], "excluded_lines": [], "functions": {"PfixConfig.from_env": {"executed_lines": [65, 68, 69, 72, 73, 75], "summary": {"covered_lines": 6, "num_statements": 6, "percent_covered": 100.0, "percent_covered_display": "100", "missing_lines": 0, "excluded_lines": 0}, "missing_lines": [], "excluded_lines": []}, "PfixConfig._read_pyproject_full": {"executed_lines": [79, 80, 81, 82, 88, 89, 90], "summary": {"covered_lines": 7, "num_statements": 14, "percent_covered": 50.0, "percent_covered_display": "50", "missing_lines": 7, "excluded_lines": 0}, "missing_lines": [83, 84, 85, 86, 87, 91, 92], "excluded_lines": []}, "PfixConfig.validate": {"executed_lines": [95, 96, 97, 98], "summary": {"covered_lines": 4, "num_statements": 4, "percent_covered": 100.0, "percent_covered_display": "100", "missing_lines": 0, "excluded_lines": 0}, "missing_lines": [], "excluded_lines": []}, "_find_and_load_dotenv": {"executed_lines": [103, 106, 107, 108, 109, 110], "summary": {"covered_lines": 6, "num_statements": 7, "percent_covered": 85.71428571428571, "percent_covered_display": "86", "missing_lines": 1, "excluded_lines": 0}, "missing_lines": [104], "excluded_lines": []}, "_sanitize_model_name": {"executed_lines": [115, 116], "summary": {"covered_lines": 2, "num_statements": 3, "percent_covered": 66.66666666666667, "percent_covered_display": "67", "missing_lines": 1, "excluded_lines": 0}, "missing_lines": [117], "excluded_lines": []}, "_merge_pyproject_config": {"executed_lines": [122, 123, 125, 126, 128, 129, 130], "summary": {"covered_lines": 7, "num_statements": 7, "percent_covered": 100.0, "percent_covered_display": "100", "missing_lines": 0, "excluded_lines": 0}, "missing_lines": [], "excluded_lines": []}, "_load_env_values": {"executed_lines": [135, 136, 137, 138, 139, 140, 141], "summary": {"covered_lines": 7, "num_statements": 7, "percent_covered": 100.0, "percent_covered_display": "100", "missing_lines": 0, "excluded_lines": 0}, "missing_lines": [], "excluded_lines": []}, "_load_llm_env": {"executed_lines": [145, 151, 157], "summary": {"covered_lines": 3, "num_statements": 3, "percent_covered": 100.0, "percent_covered_display": "100", "missing_lines": 0, "excluded_lines": 0}, "missing_lines": [], "excluded_lines": []}, "_load_llm_env._env_float": {"executed_lines": [146, 147], "summary": {"covered_lines": 2, "num_statements": 4, "percent_covered": 50.0, "percent_covered_display": "50", "missing_lines": 2, "excluded_lines": 0}, "missing_lines": [148, 149], "excluded_lines": []}, "_load_llm_env._env_int": {"executed_lines": [152, 153], "summary": {"covered_lines": 2, "num_statements": 4, "percent_covered": 50.0, "percent_covered_display": "50", "missing_lines": 2, "excluded_lines": 0}, "missing_lines": [154, 155], "excluded_lines": []}, "_load_behavior_env": {"executed_lines": [167, 171, 177, 178], "summary": {"covered_lines": 4, "num_statements": 4, "percent_covered": 100.0, "percent_covered_display": "100", "missing_lines": 0, "excluded_lines": 0}, "missing_lines": [], "excluded_lines": []}, "_load_behavior_env._env_bool": {"executed_lines": [168, 169], "summary": {"covered_lines": 2, "num_statements": 2, "percent_covered": 100.0, "percent_covered_display": "100", "missing_lines": 0, "excluded_lines": 0}, "missing_lines": [], "excluded_lines": []}, "_load_behavior_env._env_int": {"executed_lines": [172, 173], "summary": {"covered_lines": 2, "num_statements": 4, "percent_covered": 50.0, "percent_covered_display": "50", "missing_lines": 2, "excluded_lines": 0}, "missing_lines": [174, 175], "excluded_lines": []}, "_load_mcp_env": {"executed_lines": [191, 195], "summary": {"covered_lines": 2, "num_statements": 2, "percent_covered": 100.0, "percent_covered_display": "100", "missing_lines": 0, "excluded_lines": 0}, "missing_lines": [], "excluded_lines": []}, "_load_mcp_env._env_bool": {"executed_lines": [192, 193], "summary": {"covered_lines": 2, "num_statements": 2, "percent_covered": 100.0, "percent_covered_display": "100", "missing_lines": 0, "excluded_lines": 0}, "missing_lines": [], "excluded_lines": []}, "_load_git_env": {"executed_lines": [203, 207], "summary": {"covered_lines": 2, "num_statements": 2, "percent_covered": 100.0, "percent_covered_display": "100", "missing_lines": 0, "excluded_lines": 0}, "missing_lines": [], "excluded_lines": []}, "_load_git_env._env_bool": {"executed_lines": [204, 205], "summary": {"covered_lines": 2, "num_statements": 2, "percent_covered": 100.0, "percent_covered_display": "100", "missing_lines": 0, "excluded_lines": 0}, "missing_lines": [], "excluded_lines": []}, "_load_paths_env": {"executed_lines": [214], "summary": {"covered_lines": 1, "num_statements": 1, "percent_covered": 100.0, "percent_covered_display": "100", "missing_lines": 0, "excluded_lines": 0}, "missing_lines": [], "excluded_lines": []}, "get_config": {"executed_lines": [227, 228, 229], "summary": {"covered_lines": 3, "num_statements": 3, "percent_covered": 100.0, "percent_covered_display": "100", "missing_lines": 0, "excluded_lines": 0}, "missing_lines": [], "excluded_lines": []}, "configure": {"executed_lines": [235, 236, 237, 238, 241], "summary": {"covered_lines": 5, "num_statements": 6, "percent_covered": 83.33333333333333, "percent_covered_display": "83", "missing_lines": 1, "excluded_lines": 0}, "missing_lines": [240], "excluded_lines": []}, "reset_config": {"executed_lines": [247], "summary": {"covered_lines": 1, "num_statements": 1, "percent_covered": 100.0, "percent_covered_display": "100", "missing_lines": 0, "excluded_lines": 0}, "missing_lines": [], "excluded_lines": []}, "": {"executed_lines": [1, 7, 9, 10, 11, 12, 13, 15, 18, 19, 20, 23, 24, 25, 26, 27, 30, 31, 32, 33, 34, 35, 38, 41, 42, 43, 46, 47, 50, 53, 54, 57, 60, 62, 63, 77, 78, 94, 101, 113, 120, 133, 144, 166, 190, 202, 213, 222, 225, 232, 244], "summary": {"covered_lines": 49, "num_statements": 49, "percent_covered": 100.0, "percent_covered_display": "100", "missing_lines": 0, "excluded_lines": 0}, "missing_lines": [], "excluded_lines": []}}, "classes": {"PfixConfig": {"executed_lines": [65, 68, 69, 72, 73, 75, 79, 80, 81, 82, 88, 89, 90, 95, 96, 97, 98], "summary": {"covered_lines": 17, "num_statements": 24, "percent_covered": 70.83333333333333, "percent_covered_display": "71", "missing_lines": 7, "excluded_lines": 0}, "missing_lines": [83, 84, 85, 86, 87, 91, 92], "excluded_lines": []}, "": {"executed_lines": [1, 7, 9, 10, 11, 12, 13, 15, 18, 19, 20, 23, 24, 25, 26, 27, 30, 31, 32, 33, 34, 35, 38, 41, 42, 43, 46, 47, 50, 53, 54, 57, 60, 62, 63, 77, 78, 94, 101, 103, 106, 107, 108, 109, 110, 113, 115, 116, 120, 122, 123, 125, 126, 128, 129, 130, 133, 135, 136, 137, 138, 139, 140, 141, 144, 145, 146, 147, 151, 152, 153, 157, 166, 167, 168, 169, 171, 172, 173, 177, 178, 190, 191, 192, 193, 195, 202, 203, 204, 205, 207, 213, 214, 222, 225, 227, 228, 229, 232, 235, 236, 237, 238, 241, 244, 247], "summary": {"covered_lines": 104, "num_statements": 113, "percent_covered": 92.03539823008849, "percent_covered_display": "92", "missing_lines": 9, "excluded_lines": 0}, "missing_lines": [104, 117, 148, 149, 154, 155, 174, 175, 240], "excluded_lines": []}}}, "src/pfix/dashboard.py": {"executed_lines": [], "summary": {"covered_lines": 0, "num_statements": 118, "percent_covered": 0.0, "percent_covered_display": "0", "missing_lines": 118, "excluded_lines": 0}, "missing_lines": [10, 12, 13, 14, 15, 17, 18, 19, 20, 21, 23, 26, 27, 28, 29, 30, 31, 32, 35, 37, 38, 40, 41, 42, 45, 46, 47, 48, 49, 51, 53, 62, 64, 65, 66, 67, 69, 70, 71, 72, 73, 74, 75, 76, 77, 78, 81, 83, 84, 85, 87, 88, 89, 92, 93, 101, 103, 104, 105, 107, 108, 109, 110, 111, 112, 113, 114, 115, 118, 120, 123, 129, 133, 136, 142, 143, 145, 146, 147, 148, 149, 150, 151, 152, 154, 157, 158, 159, 160, 161, 163, 164, 171, 173, 176, 178, 179, 180, 184, 185, 188, 202, 203, 204, 205, 206, 208, 209, 212, 214, 215, 216, 217, 218, 219, 220, 222, 223], "excluded_lines": [], "functions": {"get_log_stats": {"executed_lines": [], "summary": {"covered_lines": 0, "num_statements": 12, "percent_covered": 0.0, "percent_covered_display": "0", "missing_lines": 12, "excluded_lines": 0}, "missing_lines": [37, 38, 40, 41, 42, 45, 46, 47, 48, 49, 51, 53], "excluded_lines": []}, "_process_log_file": {"executed_lines": [], "summary": {"covered_lines": 0, "num_statements": 14, "percent_covered": 0.0, "percent_covered_display": "0", "missing_lines": 14, "excluded_lines": 0}, "missing_lines": [64, 65, 66, 67, 69, 70, 71, 72, 73, 74, 75, 76, 77, 78], "excluded_lines": []}, "_update_stats_from_entry": {"executed_lines": [], "summary": {"covered_lines": 0, "num_statements": 8, "percent_covered": 0.0, "percent_covered_display": "0", "missing_lines": 8, "excluded_lines": 0}, "missing_lines": [83, 84, 85, 87, 88, 89, 92, 93], "excluded_lines": []}, "get_cache_stats": {"executed_lines": [], "summary": {"covered_lines": 0, "num_statements": 12, "percent_covered": 0.0, "percent_covered_display": "0", "missing_lines": 12, "excluded_lines": 0}, "missing_lines": [103, 104, 105, 107, 108, 109, 110, 111, 112, 113, 114, 115], "excluded_lines": []}, "render_dashboard": {"executed_lines": [], "summary": {"covered_lines": 0, "num_statements": 25, "percent_covered": 0.0, "percent_covered_display": "0", "missing_lines": 25, "excluded_lines": 0}, "missing_lines": [120, 123, 129, 133, 136, 142, 143, 145, 146, 147, 148, 149, 150, 151, 152, 154, 157, 158, 159, 160, 161, 163, 164, 171, 173], "excluded_lines": []}, "run_console_dashboard": {"executed_lines": [], "summary": {"covered_lines": 0, "num_statements": 3, "percent_covered": 0.0, "percent_covered_display": "0", "missing_lines": 3, "excluded_lines": 0}, "missing_lines": [178, 179, 180], "excluded_lines": []}, "PfixDashboardApp.compose": {"executed_lines": [], "summary": {"covered_lines": 0, "num_statements": 4, "percent_covered": 0.0, "percent_covered_display": "0", "missing_lines": 4, "excluded_lines": 0}, "missing_lines": [203, 204, 205, 206], "excluded_lines": []}, "PfixDashboardApp.on_mount": {"executed_lines": [], "summary": {"covered_lines": 0, "num_statements": 1, "percent_covered": 0.0, "percent_covered_display": "0", "missing_lines": 1, "excluded_lines": 0}, "missing_lines": [209], "excluded_lines": []}, "run_dashboard": {"executed_lines": [], "summary": {"covered_lines": 0, "num_statements": 9, "percent_covered": 0.0, "percent_covered_display": "0", "missing_lines": 9, "excluded_lines": 0}, "missing_lines": [214, 215, 216, 217, 218, 219, 220, 222, 223], "excluded_lines": []}, "": {"executed_lines": [], "summary": {"covered_lines": 0, "num_statements": 30, "percent_covered": 0.0, "percent_covered_display": "0", "missing_lines": 30, "excluded_lines": 0}, "missing_lines": [10, 12, 13, 14, 15, 17, 18, 19, 20, 21, 23, 26, 27, 28, 29, 30, 31, 32, 35, 62, 81, 101, 118, 176, 184, 185, 188, 202, 208, 212], "excluded_lines": []}}, "classes": {"PfixDashboardApp": {"executed_lines": [], "summary": {"covered_lines": 0, "num_statements": 5, "percent_covered": 0.0, "percent_covered_display": "0", "missing_lines": 5, "excluded_lines": 0}, "missing_lines": [203, 204, 205, 206, 209], "excluded_lines": []}, "": {"executed_lines": [], "summary": {"covered_lines": 0, "num_statements": 113, "percent_covered": 0.0, "percent_covered_display": "0", "missing_lines": 113, "excluded_lines": 0}, "missing_lines": [10, 12, 13, 14, 15, 17, 18, 19, 20, 21, 23, 26, 27, 28, 29, 30, 31, 32, 35, 37, 38, 40, 41, 42, 45, 46, 47, 48, 49, 51, 53, 62, 64, 65, 66, 67, 69, 70, 71, 72, 73, 74, 75, 76, 77, 78, 81, 83, 84, 85, 87, 88, 89, 92, 93, 101, 103, 104, 105, 107, 108, 109, 110, 111, 112, 113, 114, 115, 118, 120, 123, 129, 133, 136, 142, 143, 145, 146, 147, 148, 149, 150, 151, 152, 154, 157, 158, 159, 160, 161, 163, 164, 171, 173, 176, 178, 179, 180, 184, 185, 188, 202, 208, 212, 214, 215, 216, 217, 218, 219, 220, 222, 223], "excluded_lines": []}}}, "src/pfix/decorator.py": {"executed_lines": [1, 21, 23, 24, 25, 26, 27, 29, 31, 32, 33, 34, 35, 37, 38, 41, 56, 57, 59, 60, 72, 94, 95, 96, 97, 98, 100, 101, 104, 107, 108, 109, 111, 113, 114, 115, 130, 131, 132, 133, 135, 136, 137, 142, 177, 218, 229, 246, 259, 270], "summary": {"covered_lines": 45, "num_statements": 152, "percent_covered": 29.605263157894736, "percent_covered_display": "30", "missing_lines": 107, "excluded_lines": 17}, "missing_lines": [43, 44, 45, 46, 47, 48, 49, 50, 51, 52, 53, 105, 116, 117, 118, 119, 120, 124, 125, 127, 128, 144, 145, 146, 147, 148, 149, 151, 152, 153, 154, 155, 156, 157, 158, 163, 164, 166, 167, 169, 170, 172, 173, 174, 181, 182, 183, 185, 190, 191, 192, 194, 195, 196, 199, 200, 202, 203, 205, 206, 207, 208, 210, 211, 212, 214, 215, 220, 221, 222, 223, 224, 226, 231, 232, 233, 235, 236, 237, 239, 240, 247, 248, 249, 250, 251, 252, 253, 254, 255, 256, 260, 261, 262, 263, 264, 265, 266, 267, 271, 272, 273, 274, 275, 276, 277, 278], "excluded_lines": [1, 56, 57, 58, 59, 60, 61, 62, 63, 64, 65, 66, 67, 68, 69, 70, 71], "functions": {"_capture_runtime_error": {"executed_lines": [], "summary": {"covered_lines": 0, "num_statements": 11, "percent_covered": 0.0, "percent_covered_display": "0", "missing_lines": 11, "excluded_lines": 0}, "missing_lines": [43, 44, 45, 46, 47, 48, 49, 50, 51, 52, 53], "excluded_lines": []}, "pfix": {"executed_lines": [94, 95, 135, 136, 137], "summary": {"covered_lines": 5, "num_statements": 5, "percent_covered": 100.0, "percent_covered_display": "100", "missing_lines": 0, "excluded_lines": 0}, "missing_lines": [], "excluded_lines": []}, "pfix.decorator": {"executed_lines": [96, 130, 131, 132, 133], "summary": {"covered_lines": 5, "num_statements": 5, "percent_covered": 100.0, "percent_covered_display": "100", "missing_lines": 0, "excluded_lines": 0}, "missing_lines": [], "excluded_lines": []}, "pfix.decorator.wrapper": {"executed_lines": [97, 98, 100, 101, 104, 107, 108, 109, 111, 113, 114, 115], "summary": {"covered_lines": 12, "num_statements": 22, "percent_covered": 54.54545454545455, "percent_covered_display": "55", "missing_lines": 10, "excluded_lines": 0}, "missing_lines": [105, 116, 117, 118, 119, 120, 124, 125, 127, 128], "excluded_lines": []}, "apfix": {"executed_lines": [], "summary": {"covered_lines": 0, "num_statements": 5, "percent_covered": 0.0, "percent_covered_display": "0", "missing_lines": 5, "excluded_lines": 0}, "missing_lines": [144, 145, 172, 173, 174], "excluded_lines": []}, "apfix.decorator": {"executed_lines": [], "summary": {"covered_lines": 0, "num_statements": 3, "percent_covered": 0.0, "percent_covered_display": "0", "missing_lines": 3, "excluded_lines": 0}, "missing_lines": [146, 169, 170], "excluded_lines": []}, "apfix.decorator.wrapper": {"executed_lines": [], "summary": {"covered_lines": 0, "num_statements": 15, "percent_covered": 0.0, "percent_covered_display": "0", "missing_lines": 15, "excluded_lines": 0}, "missing_lines": [147, 148, 149, 151, 152, 153, 154, 155, 156, 157, 158, 163, 164, 166, 167], "excluded_lines": []}, "_handle_decorator_exception": {"executed_lines": [], "summary": {"covered_lines": 0, "num_statements": 23, "percent_covered": 0.0, "percent_covered_display": "0", "missing_lines": 23, "excluded_lines": 0}, "missing_lines": [181, 182, 183, 185, 190, 191, 192, 194, 195, 196, 199, 200, 202, 203, 205, 206, 207, 208, 210, 211, 212, 214, 215], "excluded_lines": []}, "_apply_decorator_fix": {"executed_lines": [], "summary": {"covered_lines": 0, "num_statements": 6, "percent_covered": 0.0, "percent_covered_display": "0", "missing_lines": 6, "excluded_lines": 0}, "missing_lines": [220, 221, 222, 223, 224, 226], "excluded_lines": []}, "_after_fix_action": {"executed_lines": [], "summary": {"covered_lines": 0, "num_statements": 8, "percent_covered": 0.0, "percent_covered_display": "0", "missing_lines": 8, "excluded_lines": 0}, "missing_lines": [231, 232, 233, 235, 236, 237, 239, 240], "excluded_lines": []}, "_ensure_deps": {"executed_lines": [], "summary": {"covered_lines": 0, "num_statements": 10, "percent_covered": 0.0, "percent_covered_display": "0", "missing_lines": 10, "excluded_lines": 0}, "missing_lines": [247, 248, 249, 250, 251, 252, 253, 254, 255, 256], "excluded_lines": []}, "_try_quick_dep_fix": {"executed_lines": [], "summary": {"covered_lines": 0, "num_statements": 8, "percent_covered": 0.0, "percent_covered_display": "0", "missing_lines": 8, "excluded_lines": 0}, "missing_lines": [260, 261, 262, 263, 264, 265, 266, 267], "excluded_lines": []}, "_try_reload_module": {"executed_lines": [], "summary": {"covered_lines": 0, "num_statements": 8, "percent_covered": 0.0, "percent_covered_display": "0", "missing_lines": 8, "excluded_lines": 0}, "missing_lines": [271, 272, 273, 274, 275, 276, 277, 278], "excluded_lines": []}, "": {"executed_lines": [1, 21, 23, 24, 25, 26, 27, 29, 31, 32, 33, 34, 35, 37, 38, 41, 56, 59, 60, 72, 142, 177, 218, 229, 246, 259, 270], "summary": {"covered_lines": 23, "num_statements": 23, "percent_covered": 100.0, "percent_covered_display": "100", "missing_lines": 0, "excluded_lines": 15}, "missing_lines": [], "excluded_lines": [1, 56, 58, 59, 60, 61, 62, 63, 64, 65, 66, 67, 68, 70, 71]}}, "classes": {"": {"executed_lines": [1, 21, 23, 24, 25, 26, 27, 29, 31, 32, 33, 34, 35, 37, 38, 41, 56, 57, 59, 60, 72, 94, 95, 96, 97, 98, 100, 101, 104, 107, 108, 109, 111, 113, 114, 115, 130, 131, 132, 133, 135, 136, 137, 142, 177, 218, 229, 246, 259, 270], "summary": {"covered_lines": 45, "num_statements": 152, "percent_covered": 29.605263157894736, "percent_covered_display": "30", "missing_lines": 107, "excluded_lines": 17}, "missing_lines": [43, 44, 45, 46, 47, 48, 49, 50, 51, 52, 53, 105, 116, 117, 118, 119, 120, 124, 125, 127, 128, 144, 145, 146, 147, 148, 149, 151, 152, 153, 154, 155, 156, 157, 158, 163, 164, 166, 167, 169, 170, 172, 173, 174, 181, 182, 183, 185, 190, 191, 192, 194, 195, 196, 199, 200, 202, 203, 205, 206, 207, 208, 210, 211, 212, 214, 215, 220, 221, 222, 223, 224, 226, 231, 232, 233, 235, 236, 237, 239, 240, 247, 248, 249, 250, 251, 252, 253, 254, 255, 256, 260, 261, 262, 263, 264, 265, 266, 267, 271, 272, 273, 274, 275, 276, 277, 278], "excluded_lines": [1, 56, 57, 58, 59, 60, 61, 62, 63, 64, 65, 66, 67, 68, 69, 70, 71]}}}, "src/pfix/dependency.py": {"executed_lines": [1, 11, 13, 14, 15, 16, 17, 18, 20, 22, 24, 27, 56, 58, 59, 62, 70, 85, 113, 120, 129, 147, 161, 184, 196, 215, 226, 245, 247, 248, 249, 250, 251, 253], "summary": {"covered_lines": 33, "num_statements": 145, "percent_covered": 22.75862068965517, "percent_covered_display": "23", "missing_lines": 112, "excluded_lines": 0}, "missing_lines": [63, 64, 65, 66, 67, 72, 73, 75, 76, 77, 79, 80, 82, 87, 88, 89, 91, 92, 93, 94, 96, 97, 98, 100, 101, 103, 104, 105, 106, 107, 108, 109, 110, 115, 116, 117, 122, 123, 124, 125, 126, 131, 132, 134, 136, 137, 138, 139, 140, 141, 142, 144, 149, 150, 151, 152, 153, 155, 156, 158, 166, 167, 169, 170, 172, 173, 175, 176, 177, 178, 180, 181, 186, 187, 188, 189, 190, 191, 192, 193, 198, 199, 201, 202, 203, 205, 206, 207, 208, 209, 210, 212, 217, 218, 219, 220, 221, 222, 223, 228, 229, 231, 232, 233, 235, 236, 237, 238, 239, 240, 242, 252], "excluded_lines": [], "functions": {"resolve_package_name": {"executed_lines": [58, 59], "summary": {"covered_lines": 2, "num_statements": 2, "percent_covered": 100.0, "percent_covered_display": "100", "missing_lines": 0, "excluded_lines": 0}, "missing_lines": [], "excluded_lines": []}, "is_module_available": {"executed_lines": [], "summary": {"covered_lines": 0, "num_statements": 5, "percent_covered": 0.0, "percent_covered_display": "0", "missing_lines": 5, "excluded_lines": 0}, "missing_lines": [63, 64, 65, 66, 67], "excluded_lines": []}, "install_packages": {"executed_lines": [], "summary": {"covered_lines": 0, "num_statements": 8, "percent_covered": 0.0, "percent_covered_display": "0", "missing_lines": 8, "excluded_lines": 0}, "missing_lines": [72, 73, 75, 76, 77, 79, 80, 82], "excluded_lines": []}, "_install_single_package": {"executed_lines": [], "summary": {"covered_lines": 0, "num_statements": 20, "percent_covered": 0.0, "percent_covered_display": "0", "missing_lines": 20, "excluded_lines": 0}, "missing_lines": [87, 88, 89, 91, 92, 93, 94, 96, 97, 98, 100, 101, 103, 104, 105, 106, 107, 108, 109, 110], "excluded_lines": []}, "_get_install_command": {"executed_lines": [], "summary": {"covered_lines": 0, "num_statements": 3, "percent_covered": 0.0, "percent_covered_display": "0", "missing_lines": 3, "excluded_lines": 0}, "missing_lines": [115, 116, 117], "excluded_lines": []}, "_handle_missing_pkg_manager": {"executed_lines": [], "summary": {"covered_lines": 0, "num_statements": 5, "percent_covered": 0.0, "percent_covered_display": "0", "missing_lines": 5, "excluded_lines": 0}, "missing_lines": [122, 123, 124, 125, 126], "excluded_lines": []}, "scan_project_deps": {"executed_lines": [], "summary": {"covered_lines": 0, "num_statements": 11, "percent_covered": 0.0, "percent_covered_display": "0", "missing_lines": 11, "excluded_lines": 0}, "missing_lines": [131, 132, 134, 136, 137, 138, 139, 140, 141, 142, 144], "excluded_lines": []}, "_categorize_imports": {"executed_lines": [], "summary": {"covered_lines": 0, "num_statements": 8, "percent_covered": 0.0, "percent_covered_display": "0", "missing_lines": 8, "excluded_lines": 0}, "missing_lines": [149, 150, 151, 152, 153, 155, 156, 158], "excluded_lines": []}, "update_requirements_file": {"executed_lines": [], "summary": {"covered_lines": 0, "num_statements": 12, "percent_covered": 0.0, "percent_covered_display": "0", "missing_lines": 12, "excluded_lines": 0}, "missing_lines": [166, 167, 169, 170, 172, 173, 175, 176, 177, 178, 180, 181], "excluded_lines": []}, "_get_existing_requirements": {"executed_lines": [], "summary": {"covered_lines": 0, "num_statements": 8, "percent_covered": 0.0, "percent_covered_display": "0", "missing_lines": 8, "excluded_lines": 0}, "missing_lines": [186, 187, 188, 189, 190, 191, 192, 193], "excluded_lines": []}, "generate_requirements": {"executed_lines": [], "summary": {"covered_lines": 0, "num_statements": 12, "percent_covered": 0.0, "percent_covered_display": "0", "missing_lines": 12, "excluded_lines": 0}, "missing_lines": [228, 229, 231, 232, 233, 235, 236, 237, 238, 239, 240, 242], "excluded_lines": []}, "detect_missing_from_error": {"executed_lines": [247, 248, 249, 250, 251, 253], "summary": {"covered_lines": 6, "num_statements": 7, "percent_covered": 85.71428571428571, "percent_covered_display": "86", "missing_lines": 1, "excluded_lines": 0}, "missing_lines": [252], "excluded_lines": []}, "": {"executed_lines": [1, 11, 13, 14, 15, 16, 17, 18, 20, 22, 24, 27, 56, 62, 70, 85, 113, 120, 129, 147, 161, 184, 196, 215, 226, 245], "summary": {"covered_lines": 25, "num_statements": 25, "percent_covered": 100.0, "percent_covered_display": "100", "missing_lines": 0, "excluded_lines": 0}, "missing_lines": [], "excluded_lines": []}}, "classes": {"": {"executed_lines": [1, 11, 13, 14, 15, 16, 17, 18, 20, 22, 24, 27, 56, 58, 59, 62, 70, 85, 113, 120, 129, 147, 161, 184, 196, 215, 226, 245, 247, 248, 249, 250, 251, 253], "summary": {"covered_lines": 33, "num_statements": 145, "percent_covered": 22.75862068965517, "percent_covered_display": "23", "missing_lines": 112, "excluded_lines": 0}, "missing_lines": [63, 64, 65, 66, 67, 72, 73, 75, 76, 77, 79, 80, 82, 87, 88, 89, 91, 92, 93, 94, 96, 97, 98, 100, 101, 103, 104, 105, 106, 107, 108, 109, 110, 115, 116, 117, 122, 123, 124, 125, 126, 131, 132, 134, 136, 137, 138, 139, 140, 141, 142, 144, 149, 150, 151, 152, 153, 155, 156, 158, 166, 167, 169, 170, 172, 173, 175, 176, 177, 178, 180, 181, 186, 187, 188, 189, 190, 191, 192, 193, 198, 199, 201, 202, 203, 205, 206, 207, 208, 209, 210, 212, 217, 218, 219, 220, 221, 222, 223, 228, 229, 231, 232, 233, 235, 236, 237, 238, 239, 240, 242, 252], "excluded_lines": []}}}, "src/pfix/dev_mode.py": {"executed_lines": [], "summary": {"covered_lines": 0, "num_statements": 85, "percent_covered": 0.0, "percent_covered_display": "0", "missing_lines": 85, "excluded_lines": 0}, "missing_lines": [24, 25, 26, 27, 28, 31, 33, 34, 35, 36, 37, 38, 39, 42, 44, 45, 46, 48, 49, 50, 51, 52, 53, 56, 58, 60, 61, 62, 63, 64, 66, 67, 69, 70, 71, 72, 73, 75, 76, 79, 85, 86, 87, 88, 89, 90, 92, 93, 95, 96, 98, 100, 102, 104, 105, 106, 107, 109, 111, 114, 116, 117, 119, 120, 121, 122, 123, 125, 128, 129, 131, 132, 134, 136, 139, 141, 142, 145, 146, 148, 150, 152, 153, 157, 158], "excluded_lines": [], "functions": {"is_site_package": {"executed_lines": [], "summary": {"covered_lines": 0, "num_statements": 7, "percent_covered": 0.0, "percent_covered_display": "0", "missing_lines": 7, "excluded_lines": 0}, "missing_lines": [33, 34, 35, 36, 37, 38, 39], "excluded_lines": []}, "wrap_module_functions": {"executed_lines": [], "summary": {"covered_lines": 0, "num_statements": 9, "percent_covered": 0.0, "percent_covered_display": "0", "missing_lines": 9, "excluded_lines": 0}, "missing_lines": [44, 45, 46, 48, 49, 50, 51, 52, 53], "excluded_lines": []}, "_create_wrapper": {"executed_lines": [], "summary": {"covered_lines": 0, "num_statements": 4, "percent_covered": 0.0, "percent_covered_display": "0", "missing_lines": 4, "excluded_lines": 0}, "missing_lines": [58, 60, 61, 111], "excluded_lines": []}, "_create_wrapper.wrapper": {"executed_lines": [], "summary": {"covered_lines": 0, "num_statements": 31, "percent_covered": 0.0, "percent_covered_display": "0", "missing_lines": 31, "excluded_lines": 0}, "missing_lines": [62, 63, 64, 66, 67, 69, 70, 71, 72, 73, 75, 76, 79, 85, 86, 87, 88, 89, 90, 92, 93, 95, 96, 98, 100, 102, 104, 105, 106, 107, 109], "excluded_lines": []}, "install_dev_mode_hook": {"executed_lines": [], "summary": {"covered_lines": 0, "num_statements": 17, "percent_covered": 0.0, "percent_covered_display": "0", "missing_lines": 17, "excluded_lines": 0}, "missing_lines": [116, 117, 119, 120, 121, 122, 123, 125, 128, 131, 134, 136, 139, 141, 150, 152, 153], "excluded_lines": []}, "install_dev_mode_hook.DevModeFinder.find_module": {"executed_lines": [], "summary": {"covered_lines": 0, "num_statements": 1, "percent_covered": 0.0, "percent_covered_display": "0", "missing_lines": 1, "excluded_lines": 0}, "missing_lines": [129], "excluded_lines": []}, "install_dev_mode_hook.DevModeFinder.find_spec": {"executed_lines": [], "summary": {"covered_lines": 0, "num_statements": 1, "percent_covered": 0.0, "percent_covered_display": "0", "missing_lines": 1, "excluded_lines": 0}, "missing_lines": [132], "excluded_lines": []}, "install_dev_mode_hook.dev_mode_import": {"executed_lines": [], "summary": {"covered_lines": 0, "num_statements": 4, "percent_covered": 0.0, "percent_covered_display": "0", "missing_lines": 4, "excluded_lines": 0}, "missing_lines": [142, 145, 146, 148], "excluded_lines": []}, "": {"executed_lines": [], "summary": {"covered_lines": 0, "num_statements": 11, "percent_covered": 0.0, "percent_covered_display": "0", "missing_lines": 11, "excluded_lines": 0}, "missing_lines": [24, 25, 26, 27, 28, 31, 42, 56, 114, 157, 158], "excluded_lines": []}}, "classes": {"install_dev_mode_hook.DevModeFinder": {"executed_lines": [], "summary": {"covered_lines": 0, "num_statements": 2, "percent_covered": 0.0, "percent_covered_display": "0", "missing_lines": 2, "excluded_lines": 0}, "missing_lines": [129, 132], "excluded_lines": []}, "install_dev_mode_hook.DevModeLoader": {"executed_lines": [], "summary": {"covered_lines": 0, "num_statements": 0, "percent_covered": 100.0, "percent_covered_display": "100", "missing_lines": 0, "excluded_lines": 0}, "missing_lines": [], "excluded_lines": []}, "": {"executed_lines": [], "summary": {"covered_lines": 0, "num_statements": 83, "percent_covered": 0.0, "percent_covered_display": "0", "missing_lines": 83, "excluded_lines": 0}, "missing_lines": [24, 25, 26, 27, 28, 31, 33, 34, 35, 36, 37, 38, 39, 42, 44, 45, 46, 48, 49, 50, 51, 52, 53, 56, 58, 60, 61, 62, 63, 64, 66, 67, 69, 70, 71, 72, 73, 75, 76, 79, 85, 86, 87, 88, 89, 90, 92, 93, 95, 96, 98, 100, 102, 104, 105, 106, 107, 109, 111, 114, 116, 117, 119, 120, 121, 122, 123, 125, 128, 131, 134, 136, 139, 141, 142, 145, 146, 148, 150, 152, 153, 157, 158], "excluded_lines": []}}}, "src/pfix/diff_fixer.py": {"executed_lines": [], "summary": {"covered_lines": 0, "num_statements": 117, "percent_covered": 0.0, "percent_covered_display": "0", "missing_lines": 117, "excluded_lines": 0}, "missing_lines": [8, 10, 11, 12, 14, 16, 19, 21, 24, 29, 30, 31, 33, 34, 35, 36, 37, 38, 40, 42, 45, 47, 48, 50, 51, 52, 54, 55, 56, 58, 59, 62, 64, 65, 66, 67, 68, 70, 71, 72, 74, 75, 78, 83, 84, 85, 87, 88, 89, 90, 92, 95, 104, 105, 107, 108, 109, 111, 112, 114, 116, 119, 121, 122, 124, 125, 127, 128, 129, 130, 131, 132, 133, 134, 136, 139, 147, 149, 150, 152, 153, 155, 157, 158, 160, 161, 163, 164, 165, 167, 168, 171, 187, 188, 190, 191, 192, 194, 197, 198, 199, 200, 201, 202, 204, 205, 207, 208, 209, 210, 211, 212, 215, 226, 228, 229, 231], "excluded_lines": [], "functions": {"parse_unified_diff": {"executed_lines": [], "summary": {"covered_lines": 0, "num_statements": 11, "percent_covered": 0.0, "percent_covered_display": "0", "missing_lines": 11, "excluded_lines": 0}, "missing_lines": [29, 30, 31, 33, 34, 35, 36, 37, 38, 40, 42], "excluded_lines": []}, "_parse_file_header": {"executed_lines": [], "summary": {"covered_lines": 0, "num_statements": 10, "percent_covered": 0.0, "percent_covered_display": "0", "missing_lines": 10, "excluded_lines": 0}, "missing_lines": [47, 48, 50, 51, 52, 54, 55, 56, 58, 59], "excluded_lines": []}, "_collect_hunk_lines": {"executed_lines": [], "summary": {"covered_lines": 0, "num_statements": 10, "percent_covered": 0.0, "percent_covered_display": "0", "missing_lines": 10, "excluded_lines": 0}, "missing_lines": [64, 65, 66, 67, 68, 70, 71, 72, 74, 75], "excluded_lines": []}, "parse_hunk_header": {"executed_lines": [], "summary": {"covered_lines": 0, "num_statements": 8, "percent_covered": 0.0, "percent_covered_display": "0", "missing_lines": 8, "excluded_lines": 0}, "missing_lines": [83, 84, 85, 87, 88, 89, 90, 92], "excluded_lines": []}, "apply_hunk": {"executed_lines": [], "summary": {"covered_lines": 0, "num_statements": 9, "percent_covered": 0.0, "percent_covered_display": "0", "missing_lines": 9, "excluded_lines": 0}, "missing_lines": [104, 105, 107, 108, 109, 111, 112, 114, 116], "excluded_lines": []}, "_process_hunk_body": {"executed_lines": [], "summary": {"covered_lines": 0, "num_statements": 13, "percent_covered": 0.0, "percent_covered_display": "0", "missing_lines": 13, "excluded_lines": 0}, "missing_lines": [121, 122, 124, 125, 127, 128, 129, 130, 131, 132, 133, 134, 136], "excluded_lines": []}, "apply_diff": {"executed_lines": [], "summary": {"covered_lines": 0, "num_statements": 15, "percent_covered": 0.0, "percent_covered_display": "0", "missing_lines": 15, "excluded_lines": 0}, "missing_lines": [147, 149, 150, 152, 153, 155, 157, 158, 160, 161, 163, 164, 165, 167, 168], "excluded_lines": []}, "apply_diff_to_file": {"executed_lines": [], "summary": {"covered_lines": 0, "num_statements": 20, "percent_covered": 0.0, "percent_covered_display": "0", "missing_lines": 20, "excluded_lines": 0}, "missing_lines": [187, 188, 190, 191, 192, 194, 197, 198, 199, 200, 201, 202, 204, 205, 207, 208, 209, 210, 211, 212], "excluded_lines": []}, "create_unified_diff": {"executed_lines": [], "summary": {"covered_lines": 0, "num_statements": 4, "percent_covered": 0.0, "percent_covered_display": "0", "missing_lines": 4, "excluded_lines": 0}, "missing_lines": [226, 228, 229, 231], "excluded_lines": []}, "": {"executed_lines": [], "summary": {"covered_lines": 0, "num_statements": 17, "percent_covered": 0.0, "percent_covered_display": "0", "missing_lines": 17, "excluded_lines": 0}, "missing_lines": [8, 10, 11, 12, 14, 16, 19, 21, 24, 45, 62, 78, 95, 119, 139, 171, 215], "excluded_lines": []}}, "classes": {"DiffParseError": {"executed_lines": [], "summary": {"covered_lines": 0, "num_statements": 0, "percent_covered": 100.0, "percent_covered_display": "100", "missing_lines": 0, "excluded_lines": 0}, "missing_lines": [], "excluded_lines": []}, "": {"executed_lines": [], "summary": {"covered_lines": 0, "num_statements": 117, "percent_covered": 0.0, "percent_covered_display": "0", "missing_lines": 117, "excluded_lines": 0}, "missing_lines": [8, 10, 11, 12, 14, 16, 19, 21, 24, 29, 30, 31, 33, 34, 35, 36, 37, 38, 40, 42, 45, 47, 48, 50, 51, 52, 54, 55, 56, 58, 59, 62, 64, 65, 66, 67, 68, 70, 71, 72, 74, 75, 78, 83, 84, 85, 87, 88, 89, 90, 92, 95, 104, 105, 107, 108, 109, 111, 112, 114, 116, 119, 121, 122, 124, 125, 127, 128, 129, 130, 131, 132, 133, 134, 136, 139, 147, 149, 150, 152, 153, 155, 157, 158, 160, 161, 163, 164, 165, 167, 168, 171, 187, 188, 190, 191, 192, 194, 197, 198, 199, 200, 201, 202, 204, 205, 207, 208, 209, 210, 211, 212, 215, 226, 228, 229, 231], "excluded_lines": []}}}, "src/pfix/env_diagnostics/__init__.py": {"executed_lines": [1, 20, 22, 23, 25, 28, 29, 30, 31, 32, 33, 34, 35, 36, 37, 38, 39, 40, 41, 42, 45, 46, 49, 66, 67, 68, 70, 71, 77, 108, 126, 128, 131, 134, 135, 136, 139, 140, 149, 151, 153, 155, 156, 157, 159, 160, 161, 162, 163, 165, 167, 173, 174, 176, 179, 181, 182, 183, 185, 191, 196, 197, 199, 202, 203, 205, 241], "summary": {"covered_lines": 64, "num_statements": 109, "percent_covered": 58.71559633027523, "percent_covered_display": "59", "missing_lines": 45, "excluded_lines": 2}, "missing_lines": [73, 74, 75, 84, 86, 87, 88, 90, 91, 92, 93, 94, 106, 114, 116, 117, 118, 119, 120, 121, 122, 124, 129, 141, 142, 143, 144, 145, 146, 186, 187, 189, 192, 193, 194, 200, 207, 209, 210, 216, 217, 218, 220, 236, 238], "excluded_lines": [25, 26], "functions": {"EnvDiagnostics.__init__": {"executed_lines": [67, 68], "summary": {"covered_lines": 2, "num_statements": 2, "percent_covered": 100.0, "percent_covered_display": "100", "missing_lines": 0, "excluded_lines": 0}, "missing_lines": [], "excluded_lines": []}, "EnvDiagnostics.diagnostics": {"executed_lines": [], "summary": {"covered_lines": 0, "num_statements": 3, "percent_covered": 0.0, "percent_covered_display": "0", "missing_lines": 3, "excluded_lines": 0}, "missing_lines": [73, 74, 75], "excluded_lines": []}, "EnvDiagnostics.check_all": {"executed_lines": [], "summary": {"covered_lines": 0, "num_statements": 10, "percent_covered": 0.0, "percent_covered_display": "0", "missing_lines": 10, "excluded_lines": 0}, "missing_lines": [84, 86, 87, 88, 90, 91, 92, 93, 94, 106], "excluded_lines": []}, "EnvDiagnostics.diagnose_exception": {"executed_lines": [], "summary": {"covered_lines": 0, "num_statements": 9, "percent_covered": 0.0, "percent_covered_display": "0", "missing_lines": 9, "excluded_lines": 0}, "missing_lines": [114, 116, 117, 118, 119, 120, 121, 122, 124], "excluded_lines": []}, "EnvDiagnostics.generate_report": {"executed_lines": [128, 131, 134, 135, 136, 139, 140, 149, 151], "summary": {"covered_lines": 9, "num_statements": 16, "percent_covered": 56.25, "percent_covered_display": "56", "missing_lines": 7, "excluded_lines": 0}, "missing_lines": [129, 141, 142, 143, 144, 145, 146], "excluded_lines": []}, "EnvDiagnostics._format_severity_section": {"executed_lines": [155, 156, 157, 159, 160, 161, 162, 163], "summary": {"covered_lines": 8, "num_statements": 8, "percent_covered": 100.0, "percent_covered_display": "100", "missing_lines": 0, "excluded_lines": 0}, "missing_lines": [], "excluded_lines": []}, "EnvDiagnostics._generate_summary_footer": {"executed_lines": [167, 173, 174, 176], "summary": {"covered_lines": 4, "num_statements": 4, "percent_covered": 100.0, "percent_covered_display": "100", "missing_lines": 0, "excluded_lines": 0}, "missing_lines": [], "excluded_lines": []}, "EnvDiagnostics._format_result": {"executed_lines": [181, 182, 183, 185, 191, 196, 197, 199, 202, 203], "summary": {"covered_lines": 10, "num_statements": 17, "percent_covered": 58.8235294117647, "percent_covered_display": "59", "missing_lines": 7, "excluded_lines": 0}, "missing_lines": [186, 187, 189, 192, 193, 194, 200], "excluded_lines": []}, "EnvDiagnostics.to_todo_issues": {"executed_lines": [], "summary": {"covered_lines": 0, "num_statements": 9, "percent_covered": 0.0, "percent_covered_display": "0
[...]
, "percent_covered_display": "0", "missing_lines": 6, "excluded_lines": 0}, "missing_lines": [33, 41, 42, 43, 44, 46], "excluded_lines": []}, "FastAPIFixStrategy.get_priority": {"executed_lines": [], "summary": {"covered_lines": 0, "num_statements": 1, "percent_covered": 0.0, "percent_covered_display": "0", "missing_lines": 1, "excluded_lines": 0}, "missing_lines": [49], "excluded_lines": []}, "": {"executed_lines": [], "summary": {"covered_lines": 0, "num_statements": 9, "percent_covered": 0.0, "percent_covered_display": "0", "missing_lines": 9, "excluded_lines": 0}, "missing_lines": [5, 6, 9, 10, 13, 15, 20, 31, 48], "excluded_lines": []}}, "classes": {"FastAPIFixStrategy": {"executed_lines": [], "summary": {"covered_lines": 0, "num_statements": 13, "percent_covered": 0.0, "percent_covered_display": "0", "missing_lines": 13, "excluded_lines": 0}, "missing_lines": [22, 23, 24, 26, 27, 29, 33, 41, 42, 43, 44, 46, 49], "excluded_lines": []}, "": {"executed_lines": [], "summary": {"covered_lines": 0, "num_statements": 9, "percent_covered": 0.0, "percent_covered_display": "0", "missing_lines": 9, "excluded_lines": 0}, "missing_lines": [5, 6, 9, 10, 13, 15, 20, 31, 48], "excluded_lines": []}}}, "src/pfix/strategies/flask.py": {"executed_lines": [], "summary": {"covered_lines": 0, "num_statements": 22, "percent_covered": 0.0, "percent_covered_display": "0", "missing_lines": 22, "excluded_lines": 0}, "missing_lines": [5, 6, 9, 10, 13, 15, 20, 22, 23, 24, 26, 27, 29, 31, 33, 41, 42, 43, 44, 46, 48, 49], "excluded_lines": [], "functions": {"FlaskFixStrategy.detect": {"executed_lines": [], "summary": {"covered_lines": 0, "num_statements": 6, "percent_covered": 0.0, "percent_covered_display": "0", "missing_lines": 6, "excluded_lines": 0}, "missing_lines": [22, 23, 24, 26, 27, 29], "excluded_lines": []}, "FlaskFixStrategy.enhance_prompt": {"executed_lines": [], "summary": {"covered_lines": 0, "num_statements": 6, "percent_covered": 0.0, "percent_covered_display": "0", "missing_lines": 6, "excluded_lines": 0}, "missing_lines": [33, 41, 42, 43, 44, 46], "excluded_lines": []}, "FlaskFixStrategy.get_priority": {"executed_lines": [], "summary": {"covered_lines": 0, "num_statements": 1, "percent_covered": 0.0, "percent_covered_display": "0", "missing_lines": 1, "excluded_lines": 0}, "missing_lines": [49], "excluded_lines": []}, "": {"executed_lines": [], "summary": {"covered_lines": 0, "num_statements": 9, "percent_covered": 0.0, "percent_covered_display": "0", "missing_lines": 9, "excluded_lines": 0}, "missing_lines": [5, 6, 9, 10, 13, 15, 20, 31, 48], "excluded_lines": []}}, "classes": {"FlaskFixStrategy": {"executed_lines": [], "summary": {"covered_lines": 0, "num_statements": 13, "percent_covered": 0.0, "percent_covered_display": "0", "missing_lines": 13, "excluded_lines": 0}, "missing_lines": [22, 23, 24, 26, 27, 29, 33, 41, 42, 43, 44, 46, 49], "excluded_lines": []}, "": {"executed_lines": [], "summary": {"covered_lines": 0, "num_statements": 9, "percent_covered": 0.0, "percent_covered_display": "0", "missing_lines": 9, "excluded_lines": 0}, "missing_lines": [5, 6, 9, 10, 13, 15, 20, 31, 48], "excluded_lines": []}}}, "src/pfix/strategies/pandas.py": {"executed_lines": [], "summary": {"covered_lines": 0, "num_statements": 26, "percent_covered": 0.0, "percent_covered_display": "0", "missing_lines": 26, "excluded_lines": 0}, "missing_lines": [5, 6, 9, 10, 13, 15, 17, 19, 20, 21, 24, 25, 26, 27, 29, 31, 33, 41, 42, 43, 44, 45, 46, 48, 50, 51], "excluded_lines": [], "functions": {"PandasFixStrategy.detect": {"executed_lines": [], "summary": {"covered_lines": 0, "num_statements": 8, "percent_covered": 0.0, "percent_covered_display": "0", "missing_lines": 8, "excluded_lines": 0}, "missing_lines": [19, 20, 21, 24, 25, 26, 27, 29], "excluded_lines": []}, "PandasFixStrategy.enhance_prompt": {"executed_lines": [], "summary": {"covered_lines": 0, "num_statements": 8, "percent_covered": 0.0, "percent_covered_display": "0", "missing_lines": 8, "excluded_lines": 0}, "missing_lines": [33, 41, 42, 43, 44, 45, 46, 48], "excluded_lines": []}, "PandasFixStrategy.get_priority": {"executed_lines": [], "summary": {"covered_lines": 0, "num_statements": 1, "percent_covered": 0.0, "percent_covered_display": "0", "missing_lines": 1, "excluded_lines": 0}, "missing_lines": [51], "excluded_lines": []}, "": {"executed_lines": [], "summary": {"covered_lines": 0, "num_statements": 9, "percent_covered": 0.0, "percent_covered_display": "0", "missing_lines": 9, "excluded_lines": 0}, "missing_lines": [5, 6, 9, 10, 13, 15, 17, 31, 50], "excluded_lines": []}}, "classes": {"PandasFixStrategy": {"executed_lines": [], "summary": {"covered_lines": 0, "num_statements": 17, "percent_covered": 0.0, "percent_covered_display": "0", "missing_lines": 17, "excluded_lines": 0}, "missing_lines": [19, 20, 21, 24, 25, 26, 27, 29, 33, 41, 42, 43, 44, 45, 46, 48, 51], "excluded_lines": []}, "": {"executed_lines": [], "summary": {"covered_lines": 0, "num_statements": 9, "percent_covered": 0.0, "percent_covered_display": "0", "missing_lines": 9, "excluded_lines": 0}, "missing_lines": [5, 6, 9, 10, 13, 15, 17, 31, 50], "excluded_lines": []}}}, "src/pfix/syntax_error_handler.py": {"executed_lines": [], "summary": {"covered_lines": 0, "num_statements": 56, "percent_covered": 0.0, "percent_covered_display": "0", "missing_lines": 56, "excluded_lines": 0}, "missing_lines": [8, 9, 10, 12, 15, 17, 19, 20, 21, 22, 23, 24, 25, 28, 29, 30, 31, 32, 33, 34, 36, 39, 46, 47, 49, 50, 51, 52, 53, 54, 55, 57, 58, 60, 61, 63, 65, 66, 67, 68, 69, 71, 74, 85, 86, 87, 89, 91, 94, 96, 99, 100, 102, 104, 105, 107], "excluded_lines": [], "functions": {"_build_syntax_error_context": {"executed_lines": [], "summary": {"covered_lines": 0, "num_statements": 16, "percent_covered": 0.0, "percent_covered_display": "0", "missing_lines": 16, "excluded_lines": 0}, "missing_lines": [17, 19, 20, 21, 22, 23, 24, 25, 28, 29, 30, 31, 32, 33, 34, 36], "excluded_lines": []}, "_apply_syntax_fix": {"executed_lines": [], "summary": {"covered_lines": 0, "num_statements": 20, "percent_covered": 0.0, "percent_covered_display": "0", "missing_lines": 20, "excluded_lines": 0}, "missing_lines": [46, 47, 49, 50, 51, 52, 53, 54, 55, 57, 58, 60, 61, 63, 65, 66, 67, 68, 69, 71], "excluded_lines": []}, "handle_syntax_error": {"executed_lines": [], "summary": {"covered_lines": 0, "num_statements": 13, "percent_covered": 0.0, "percent_covered_display": "0", "missing_lines": 13, "excluded_lines": 0}, "missing_lines": [85, 86, 87, 89, 91, 94, 96, 99, 100, 102, 104, 105, 107], "excluded_lines": []}, "": {"executed_lines": [], "summary": {"covered_lines": 0, "num_statements": 7, "percent_covered": 0.0, "percent_covered_display": "0", "missing_lines": 7, "excluded_lines": 0}, "missing_lines": [8, 9, 10, 12, 15, 39, 74], "excluded_lines": []}}, "classes": {"": {"executed_lines": [], "summary": {"covered_lines": 0, "num_statements": 56, "percent_covered": 0.0, "percent_covered_display": "0", "missing_lines": 56, "excluded_lines": 0}, "missing_lines": [8, 9, 10, 12, 15, 17, 19, 20, 21, 22, 23, 24, 25, 28, 29, 30, 31, 32, 33, 34, 36, 39, 46, 47, 49, 50, 51, 52, 53, 54, 55, 57, 58, 60, 61, 63, 65, 66, 67, 68, 69, 71, 74, 85, 86, 87, 89, 91, 94, 96, 99, 100, 102, 104, 105, 107], "excluded_lines": []}}}, "src/pfix/telemetry.py": {"executed_lines": [1, 16, 18, 19, 20, 21, 22, 24, 26, 29, 30, 31, 33, 34, 35, 36, 37, 38, 39, 42, 44, 45, 48, 50, 51, 54, 73, 76, 87, 90, 91, 95, 97, 99, 100, 103, 124, 126, 127, 130, 133, 135, 138, 139, 140, 141, 143, 144, 147, 150, 152, 153, 154, 156, 166, 168, 169, 170, 171, 172, 175], "summary": {"covered_lines": 59, "num_statements": 77, "percent_covered": 76.62337662337663, "percent_covered_display": "77", "missing_lines": 18, "excluded_lines": 0}, "missing_lines": [74, 92, 105, 106, 107, 109, 111, 118, 119, 120, 121, 128, 136, 142, 145, 146, 177, 178], "excluded_lines": [], "functions": {"is_telemetry_enabled": {"executed_lines": [44, 45], "summary": {"covered_lines": 2, "num_statements": 2, "percent_covered": 100.0, "percent_covered_display": "100", "missing_lines": 0, "excluded_lines": 0}, "missing_lines": [], "excluded_lines": []}, "get_telemetry_endpoint": {"executed_lines": [50, 51], "summary": {"covered_lines": 2, "num_statements": 2, "percent_covered": 100.0, "percent_covered_display": "100", "missing_lines": 0, "excluded_lines": 0}, "missing_lines": [], "excluded_lines": []}, "record_event": {"executed_lines": [73, 76, 87, 90, 91], "summary": {"covered_lines": 5, "num_statements": 7, "percent_covered": 71.42857142857143, "percent_covered_display": "71", "missing_lines": 2, "excluded_lines": 0}, "missing_lines": [74, 92], "excluded_lines": []}, "_store_event": {"executed_lines": [97, 99, 100], "summary": {"covered_lines": 3, "num_statements": 3, "percent_covered": 100.0, "percent_covered_display": "100", "missing_lines": 0, "excluded_lines": 0}, "missing_lines": [], "excluded_lines": []}, "_send_to_endpoint": {"executed_lines": [], "summary": {"covered_lines": 0, "num_statements": 9, "percent_covered": 0.0, "percent_covered_display": "0", "missing_lines": 9, "excluded_lines": 0}, "missing_lines": [105, 106, 107, 109, 111, 118, 119, 120, 121], "excluded_lines": []}, "get_telemetry_summary": {"executed_lines": [126, 127, 130], "summary": {"covered_lines": 3, "num_statements": 4, "percent_covered": 75.0, "percent_covered_display": "75", "missing_lines": 1, "excluded_lines": 0}, "missing_lines": [128], "excluded_lines": []}, "_load_telemetry_events": {"executed_lines": [135, 138, 139, 140, 141, 143, 144, 147], "summary": {"covered_lines": 8, "num_statements": 12, "percent_covered": 66.66666666666667, "percent_covered_display": "67", "missing_lines": 4, "excluded_lines": 0}, "missing_lines": [136, 142, 145, 146], "excluded_lines": []}, "_aggregate_telemetry_stats": {"executed_lines": [152, 153, 154, 156], "summary": {"covered_lines": 4, "num_statements": 4, "percent_covered": 100.0, "percent_covered_display": "100", "missing_lines": 0, "excluded_lines": 0}, "missing_lines": [], "excluded_lines": []}, "_group_by_field": {"executed_lines": [168, 169, 170, 171, 172], "summary": {"covered_lines": 5, "num_statements": 5, "percent_covered": 100.0, "percent_covered_display": "100", "missing_lines": 0, "excluded_lines": 0}, "missing_lines": [], "excluded_lines": []}, "clear_telemetry": {"executed_lines": [], "summary": {"covered_lines": 0, "num_statements": 2, "percent_covered": 0.0, "percent_covered_display": "0", "missing_lines": 2, "excluded_lines": 0}, "missing_lines": [177, 178], "excluded_lines": []}, "": {"executed_lines": [1, 16, 18, 19, 20, 21, 22, 24, 26, 29, 30, 31, 33, 34, 35, 36, 37, 38, 39, 42, 48, 54, 95, 103, 124, 133, 150, 166, 175], "summary": {"covered_lines": 27, "num_statements": 27, "percent_covered": 100.0, "percent_covered_display": "100", "missing_lines": 0, "excluded_lines": 0}, "missing_lines": [], "excluded_lines": []}}, "classes": {"TelemetryEvent": {"executed_lines": [], "summary": {"covered_lines": 0, "num_statements": 0, "percent_covered": 100.0, "percent_covered_display": "100", "missing_lines": 0, "excluded_lines": 0}, "missing_lines": [], "excluded_lines": []}, "": {"executed_lines": [1, 16, 18, 19, 20, 21, 22, 24, 26, 29, 30, 31, 33, 34, 35, 36, 37, 38, 39, 42, 44, 45, 48, 50, 51, 54, 73, 76, 87, 90, 91, 95, 97, 99, 100, 103, 124, 126, 127, 130, 133, 135, 138, 139, 140, 141, 143, 144, 147, 150, 152, 153, 154, 156, 166, 168, 169, 170, 171, 172, 175], "summary": {"covered_lines": 59, "num_statements": 77, "percent_covered": 76.62337662337663, "percent_covered_display": "77", "missing_lines": 18, "excluded_lines": 0}, "missing_lines": [74, 92, 105, 106, 107, 109, 111, 118, 119, 120, 121, 128, 136, 142, 145, 146, 177, 178], "excluded_lines": []}}}, "src/pfix/types.py": {"executed_lines": [1, 8, 10, 11, 12, 15, 16, 17, 19, 20, 21, 22, 23, 26, 27, 28, 31, 32, 33, 34, 37, 38, 39, 42, 43, 44, 45, 48, 49, 50, 51, 52, 53, 56, 57, 58, 61, 62, 65, 66, 67, 69, 70, 71, 72, 73, 74, 75, 76, 77, 80, 81, 82, 85, 86, 87, 90, 91, 92, 93, 94, 95, 98, 99, 100, 103, 104, 107, 109, 110, 120, 123, 126, 131, 136, 137, 138, 139, 141, 146, 147, 150, 151, 152, 154, 155, 156, 157, 158, 159, 160, 161, 162, 163, 165, 166, 167, 169, 170, 171, 174, 175, 176, 179, 180, 181, 182, 183, 186, 187, 188, 189, 190, 191, 192, 195, 196, 199, 202, 205, 208, 209, 210, 212, 213, 214, 215, 216, 217, 218, 219, 220, 221, 222, 223, 224, 225], "summary": {"covered_lines": 129, "num_statements": 140, "percent_covered": 92.14285714285714, "percent_covered_display": "92", "missing_lines": 11, "excluded_lines": 0}, "missing_lines": [121, 124, 127, 128, 129, 132, 133, 134, 142, 143, 144], "excluded_lines": [], "functions": {"ErrorContext.to_prompt": {"executed_lines": [110, 120, 123, 126, 131, 136, 137, 138, 139, 141, 146, 147], "summary": {"covered_lines": 12, "num_statements": 23, "percent_covered": 52.17391304347826, "percent_covered_display": "52", "missing_lines": 11, "excluded_lines": 0}, "missing_lines": [121, 124, 127, 128, 129, 132, 133, 134, 142, 143, 144], "excluded_lines": []}, "FixProposal.has_code_fix": {"executed_lines": [167], "summary": {"covered_lines": 1, "num_statements": 1, "percent_covered": 100.0, "percent_covered_display": "100", "missing_lines": 0, "excluded_lines": 0}, "missing_lines": [], "excluded_lines": []}, "FixProposal.has_dependency_fix": {"executed_lines": [171], "summary": {"covered_lines": 1, "num_statements": 1, "percent_covered": 100.0, "percent_covered_display": "100", "missing_lines": 0, "excluded_lines": 0}, "missing_lines": [], "excluded_lines": []}, "": {"executed_lines": [1, 8, 10, 11, 12, 15, 16, 17, 19, 20, 21, 22, 23, 26, 27, 28, 31, 32, 33, 34, 37, 38, 39, 42, 43, 44, 45, 48, 49, 50, 51, 52, 53, 56, 57, 58, 61, 62, 65, 66, 67, 69, 70, 71, 72, 73, 74, 75, 76, 77, 80, 81, 82, 85, 86, 87, 90, 91, 92, 93, 94, 95, 98, 99, 100, 103, 104, 107, 109, 150, 151, 152, 154, 155, 156, 157, 158, 159, 160, 161, 162, 163, 165, 166, 169, 170, 174, 175, 176, 179, 180, 181, 182, 183, 186, 187, 188, 189, 190, 191, 192, 195, 196, 199, 202, 205, 208, 209, 210, 212, 213, 214, 215, 216, 217, 218, 219, 220, 221, 222, 223, 224, 225], "summary": {"covered_lines": 115, "num_statements": 115, "percent_covered": 100.0, "percent_covered_display": "100", "missing_lines": 0, "excluded_lines": 0}, "missing_lines": [], "excluded_lines": []}}, "classes": {"TraceFrame": {"executed_lines": [], "summary": {"covered_lines": 0, "num_statements": 0, "percent_covered": 100.0, "percent_covered_display": "100", "missing_lines": 0, "excluded_lines": 0}, "missing_lines": [], "excluded_lines": []}, "RuntimeIssue": {"executed_lines": [], "summary": {"covered_lines": 0, "num_statements": 0, "percent_covered": 100.0, "percent_covered_display": "100", "missing_lines": 0, "excluded_lines": 0}, "missing_lines": [], "excluded_lines": []}, "DiagnosticResult": {"executed_lines": [], "summary": {"covered_lines": 0, "num_statements": 0, "percent_covered": 100.0, "percent_covered_display": "100", "missing_lines": 0, "excluded_lines": 0}, "missing_lines": [], "excluded_lines": []}, "ErrorContext": {"executed_lines": [110, 120, 123, 126, 131, 136, 137, 138, 139, 141, 146, 147], "summary": {"covered_lines": 12, "num_statements": 23, "percent_covered": 52.17391304347826, "percent_covered_display": "52", "missing_lines": 11, "excluded_lines": 0}, "missing_lines": [121, 124, 127, 128, 129, 132, 133, 134, 142, 143, 144], "excluded_lines": []}, "FixProposal": {"executed_lines": [167, 171], "summary": {"covered_lines": 2, "num_statements": 2, "percent_covered": 100.0, "percent_covered_display": "100", "missing_lines": 0, "excluded_lines": 0}, "missing_lines": [], "excluded_lines": []}, "PfixConfig": {"executed_lines": [], "summary": {"covered_lines": 0, "num_statements": 0, "percent_covered": 100.0, "percent_covered_display": "100", "missing_lines": 0, "excluded_lines": 0}, "missing_lines": [], "excluded_lines": []}, "FixEvent": {"executed_lines": [], "summary": {"covered_lines": 0, "num_statements": 0, "percent_covered": 100.0, "percent_covered_display": "100", "missing_lines": 0, "excluded_lines": 0}, "missing_lines": [], "excluded_lines": []}, "": {"executed_lines": [1, 8, 10, 11, 12, 15, 16, 17, 19, 20, 21, 22, 23, 26, 27, 28, 31, 32, 33, 34, 37, 38, 39, 42, 43, 44, 45, 48, 49, 50, 51, 52, 53, 56, 57, 58, 61, 62, 65, 66, 67, 69, 70, 71, 72, 73, 74, 75, 76, 77, 80, 81, 82, 85, 86, 87, 90, 91, 92, 93, 94, 95, 98, 99, 100, 103, 104, 107, 109, 150, 151, 152, 154, 155, 156, 157, 158, 159, 160, 161, 162, 163, 165, 166, 169, 170, 174, 175, 176, 179, 180, 181, 182, 183, 186, 187, 188, 189, 190, 191, 192, 195, 196, 199, 202, 205, 208, 209, 210, 212, 213, 214, 215, 216, 217, 218, 219, 220, 221, 222, 223, 224, 225], "summary": {"covered_lines": 115, "num_statements": 115, "percent_covered": 100.0, "percent_covered_display": "100", "missing_lines": 0, "excluded_lines": 0}, "missing_lines": [], "excluded_lines": []}}}, "src/pfix/validation.py": {"executed_lines": [], "summary": {"covered_lines": 0, "num_statements": 69, "percent_covered": 0.0, "percent_covered_display": "0", "missing_lines": 69, "excluded_lines": 0}, "missing_lines": [15, 17, 18, 19, 20, 21, 23, 25, 26, 28, 31, 32, 35, 36, 37, 38, 39, 40, 43, 59, 60, 61, 63, 64, 66, 67, 75, 77, 84, 85, 86, 93, 94, 95, 104, 124, 125, 128, 130, 131, 132, 135, 137, 138, 139, 141, 142, 143, 144, 145, 146, 148, 151, 153, 154, 155, 156, 157, 158, 159, 162, 174, 177, 178, 179, 180, 181, 182, 192], "excluded_lines": [], "functions": {"run_tests": {"executed_lines": [], "summary": {"covered_lines": 0, "num_statements": 15, "percent_covered": 0.0, "percent_covered_display": "0", "missing_lines": 15, "excluded_lines": 0}, "missing_lines": [59, 60, 61, 63, 64, 66, 67, 75, 77, 84, 85, 86, 93, 94, 95], "excluded_lines": []}, "validate_fix": {"executed_lines": [], "summary": {"covered_lines": 0, "num_statements": 17, "percent_covered": 0.0, "percent_covered_display": "0", "missing_lines": 17, "excluded_lines": 0}, "missing_lines": [124, 125, 128, 130, 131, 132, 135, 137, 138, 139, 141, 142, 143, 144, 145, 146, 148], "excluded_lines": []}, "quick_validate_syntax": {"executed_lines": [], "summary": {"covered_lines": 0, "num_statements": 7, "percent_covered": 0.0, "percent_covered_display": "0", "missing_lines": 7, "excluded_lines": 0}, "missing_lines": [153, 154, 155, 156, 157, 158, 159], "excluded_lines": []}, "validate_with_fallback": {"executed_lines": [], "summary": {"covered_lines": 0, "num_statements": 8, "percent_covered": 0.0, "percent_covered_display": "0", "missing_lines": 8, "excluded_lines": 0}, "missing_lines": [174, 177, 178, 179, 180, 181, 182, 192], "excluded_lines": []}, "": {"executed_lines": [], "summary": {"covered_lines": 0, "num_statements": 22, "percent_covered": 0.0, "percent_covered_display": "0", "missing_lines": 22, "excluded_lines": 0}, "missing_lines": [15, 17, 18, 19, 20, 21, 23, 25, 26, 28, 31, 32, 35, 36, 37, 38, 39, 40, 43, 104, 151, 162], "excluded_lines": []}}, "classes": {"ValidationResult": {"executed_lines": [], "summary": {"covered_lines": 0, "num_statements": 0, "percent_covered": 100.0, "percent_covered_display": "100", "missing_lines": 0, "excluded_lines": 0}, "missing_lines": [], "excluded_lines": []}, "": {"executed_lines": [], "summary": {"covered_lines": 0, "num_statements": 69, "percent_covered": 0.0, "percent_covered_display": "0", "missing_lines": 69, "excluded_lines": 0}, "missing_lines": [15, 17, 18, 19, 20, 21, 23, 25, 26, 28, 31, 32, 35, 36, 37, 38, 39, 40, 43, 59, 60, 61, 63, 64, 66, 67, 75, 77, 84, 85, 86, 93, 94, 95, 104, 124, 125, 128, 130, 131, 132, 135, 137, 138, 139, 141, 142, 143, 144, 145, 146, 148, 151, 153, 154, 155, 156, 157, 158, 159, 162, 174, 177, 178, 179, 180, 181, 182, 192], "excluded_lines": []}}}}, "totals": {"covered_lines": 1762, "num_statements": 6054, "percent_covered": 29.104724149322763, "percent_covered_display": "29", "missing_lines": 4292, "excluded_lines": 60}}